This file contains any messages produced by compilers while
running configure, to aid debugging if configure makes a mistake.

It was created by libunwind configure 1.0, which was
generated by GNU Autoconf 2.69.  Invocation command line was

  $ ./configure --enable-shared=no --disable-block-signals --enable-debug=no --enable-debug-frame=no --enable-cxx-exceptions

## --------- ##
## Platform. ##
## --------- ##

hostname = wolk
uname -m = x86_64
uname -r = 3.10.0-693.2.2.el7.x86_64
uname -s = Linux
uname -v = #1 SMP Tue Sep 12 22:26:13 UTC 2017

/usr/bin/uname -p = x86_64
/bin/uname -X     = unknown

/bin/arch              = x86_64
/usr/bin/arch -k       = unknown
/usr/convex/getsysinfo = unknown
/usr/bin/hostinfo      = unknown
/bin/machine           = unknown
/usr/bin/oslevel       = unknown
/bin/universe          = unknown

PATH: /usr/lib64/qt-3.3/bin
PATH: /usr/local/sbin
PATH: /usr/local/bin
PATH: /usr/sbin
PATH: /usr/bin
PATH: /root/bin


## ----------- ##
## Core tests. ##
## ----------- ##

configure:2798: checking build system type
configure:2812: result: x86_64-unknown-linux-gnu
configure:2832: checking host system type
configure:2845: result: x86_64-unknown-linux-gnu
configure:2865: checking target system type
configure:2878: result: x86_64-unknown-linux-gnu
configure:2921: checking for a BSD-compatible install
configure:2989: result: /usr/bin/install -c
configure:3000: checking whether build environment is sane
configure:3055: result: yes
configure:3206: checking for a thread-safe mkdir -p
configure:3245: result: /usr/bin/mkdir -p
configure:3252: checking for gawk
configure:3268: found /usr/bin/gawk
configure:3279: result: gawk
configure:3290: checking whether make sets $(MAKE)
configure:3312: result: yes
configure:3341: checking whether make supports nested variables
configure:3358: result: yes
configure:3443: checking whether to enable maintainer-specific portions of Makefiles
configure:3452: result: no
configure:3516: checking for gcc
configure:3532: found /usr/bin/gcc
configure:3543: result: gcc
configure:3772: checking for C compiler version
configure:3781: gcc --version >&5
gcc (GCC) 4.8.5 20150623 (Red Hat 4.8.5-16)
Copyright (C) 2015 Free Software Foundation, Inc.
This is free software; see the source for copying conditions.  There is NO
warranty; not even for MERCHANTABILITY or FITNESS FOR A PARTICULAR PURPOSE.

configure:3792: $? = 0
configure:3781: gcc -v >&5
Using built-in specs.
COLLECT_GCC=gcc
COLLECT_LTO_WRAPPER=/usr/libexec/gcc/x86_64-redhat-linux/4.8.5/lto-wrapper
Target: x86_64-redhat-linux
Configured with: ../configure --prefix=/usr --mandir=/usr/share/man --infodir=/usr/share/info --with-bugurl=http://bugzilla.redhat.com/bugzilla --enable-bootstrap --enable-shared --enable-threads=posix --enable-checking=release --with-system-zlib --enable-__cxa_atexit --disable-libunwind-exceptions --enable-gnu-unique-object --enable-linker-build-id --with-linker-hash-style=gnu --enable-languages=c,c++,objc,obj-c++,java,fortran,ada,go,lto --enable-plugin --enable-initfini-array --disable-libgcj --with-isl=/builddir/build/BUILD/gcc-4.8.5-20150702/obj-x86_64-redhat-linux/isl-install --with-cloog=/builddir/build/BUILD/gcc-4.8.5-20150702/obj-x86_64-redhat-linux/cloog-install --enable-gnu-indirect-function --with-tune=generic --with-arch_32=x86-64 --build=x86_64-redhat-linux
Thread model: posix
gcc version 4.8.5 20150623 (Red Hat 4.8.5-16) (GCC) 
configure:3792: $? = 0
configure:3781: gcc -V >&5
gcc: error: unrecognized command line option '-V'
gcc: fatal error: no input files
compilation terminated.
configure:3792: $? = 4
configure:3781: gcc -qversion >&5
gcc: error: unrecognized command line option '-qversion'
gcc: fatal error: no input files
compilation terminated.
configure:3792: $? = 4
configure:3812: checking whether the C compiler works
configure:3834: gcc -DHAVE_SGX=1 -DUNW_LOCAL_ONLY -fno-builtin -fPIC -std=c99    conftest.c  >&5
configure:3838: $? = 0
configure:3886: result: yes
configure:3889: checking for C compiler default output file name
configure:3891: result: a.out
configure:3897: checking for suffix of executables
configure:3904: gcc -o conftest -DHAVE_SGX=1 -DUNW_LOCAL_ONLY -fno-builtin -fPIC -std=c99    conftest.c  >&5
configure:3908: $? = 0
configure:3930: result: 
configure:3952: checking whether we are cross compiling
configure:3960: gcc -o conftest -DHAVE_SGX=1 -DUNW_LOCAL_ONLY -fno-builtin -fPIC -std=c99    conftest.c  >&5
configure:3964: $? = 0
configure:3971: ./conftest
configure:3975: $? = 0
configure:3990: result: no
configure:3995: checking for suffix of object files
configure:4017: gcc -c -DHAVE_SGX=1 -DUNW_LOCAL_ONLY -fno-builtin -fPIC -std=c99   conftest.c >&5
configure:4021: $? = 0
configure:4042: result: o
configure:4046: checking whether we are using the GNU C compiler
configure:4065: gcc -c -DHAVE_SGX=1 -DUNW_LOCAL_ONLY -fno-builtin -fPIC -std=c99   conftest.c >&5
configure:4065: $? = 0
configure:4074: result: yes
configure:4083: checking whether gcc accepts -g
configure:4103: gcc -c -g  conftest.c >&5
configure:4103: $? = 0
configure:4144: result: yes
configure:4161: checking for gcc option to accept ISO C89
configure:4224: gcc  -c -DHAVE_SGX=1 -DUNW_LOCAL_ONLY -fno-builtin -fPIC -std=c99   conftest.c >&5
configure:4224: $? = 0
configure:4237: result: none needed
configure:4268: checking for style of include used by make
configure:4296: result: GNU
configure:4322: checking dependency style of gcc
configure:4433: result: gcc3
configure:4506: checking for g++
configure:4522: found /usr/bin/g++
configure:4533: result: g++
configure:4560: checking for C++ compiler version
configure:4569: g++ --version >&5
g++ (GCC) 4.8.5 20150623 (Red Hat 4.8.5-16)
Copyright (C) 2015 Free Software Foundation, Inc.
This is free software; see the source for copying conditions.  There is NO
warranty; not even for MERCHANTABILITY or FITNESS FOR A PARTICULAR PURPOSE.

configure:4580: $? = 0
configure:4569: g++ -v >&5
Using built-in specs.
COLLECT_GCC=g++
COLLECT_LTO_WRAPPER=/usr/libexec/gcc/x86_64-redhat-linux/4.8.5/lto-wrapper
Target: x86_64-redhat-linux
Configured with: ../configure --prefix=/usr --mandir=/usr/share/man --infodir=/usr/share/info --with-bugurl=http://bugzilla.redhat.com/bugzilla --enable-bootstrap --enable-shared --enable-threads=posix --enable-checking=release --with-system-zlib --enable-__cxa_atexit --disable-libunwind-exceptions --enable-gnu-unique-object --enable-linker-build-id --with-linker-hash-style=gnu --enable-languages=c,c++,objc,obj-c++,java,fortran,ada,go,lto --enable-plugin --enable-initfini-array --disable-libgcj --with-isl=/builddir/build/BUILD/gcc-4.8.5-20150702/obj-x86_64-redhat-linux/isl-install --with-cloog=/builddir/build/BUILD/gcc-4.8.5-20150702/obj-x86_64-redhat-linux/cloog-install --enable-gnu-indirect-function --with-tune=generic --with-arch_32=x86-64 --build=x86_64-redhat-linux
Thread model: posix
gcc version 4.8.5 20150623 (Red Hat 4.8.5-16) (GCC) 
configure:4580: $? = 0
configure:4569: g++ -V >&5
g++: error: unrecognized command line option '-V'
g++: fatal error: no input files
compilation terminated.
configure:4580: $? = 4
configure:4569: g++ -qversion >&5
g++: error: unrecognized command line option '-qversion'
g++: fatal error: no input files
compilation terminated.
configure:4580: $? = 4
configure:4584: checking whether we are using the GNU C++ compiler
configure:4603: g++ -c   conftest.cpp >&5
configure:4603: $? = 0
configure:4612: result: yes
configure:4621: checking whether g++ accepts -g
configure:4641: g++ -c -g  conftest.cpp >&5
configure:4641: $? = 0
configure:4682: result: yes
configure:4707: checking dependency style of g++
configure:4818: result: gcc3
configure:4834: checking whether make sets $(MAKE)
configure:4856: result: yes
configure:4911: checking how to print strings
configure:4938: result: printf
configure:4959: checking for a sed that does not truncate output
configure:5023: result: /usr/bin/sed
configure:5041: checking for grep that handles long lines and -e
configure:5099: result: /usr/bin/grep
configure:5104: checking for egrep
configure:5166: result: /usr/bin/grep -E
configure:5171: checking for fgrep
configure:5233: result: /usr/bin/grep -F
configure:5268: checking for ld used by gcc
configure:5335: result: /usr/bin/ld
configure:5342: checking if the linker (/usr/bin/ld) is GNU ld
configure:5357: result: yes
configure:5369: checking for BSD- or MS-compatible name lister (nm)
configure:5418: result: /usr/bin/nm -B
configure:5548: checking the name lister (/usr/bin/nm -B) interface
configure:5555: gcc -c -DHAVE_SGX=1 -DUNW_LOCAL_ONLY -fno-builtin -fPIC -std=c99   conftest.c >&5
configure:5558: /usr/bin/nm -B "conftest.o"
configure:5561: output
0000000000000000 B some_variable
configure:5568: result: BSD nm
configure:5571: checking whether ln -s works
configure:5575: result: yes
configure:5583: checking the maximum length of command line arguments
configure:5713: result: 1572864
configure:5730: checking whether the shell understands some XSI constructs
configure:5740: result: yes
configure:5744: checking whether the shell understands "+="
configure:5750: result: yes
configure:5785: checking how to convert x86_64-unknown-linux-gnu file names to x86_64-unknown-linux-gnu format
configure:5825: result: func_convert_file_noop
configure:5832: checking how to convert x86_64-unknown-linux-gnu file names to toolchain format
configure:5852: result: func_convert_file_noop
configure:5859: checking for /usr/bin/ld option to reload object files
configure:5866: result: -r
configure:5940: checking for objdump
configure:5956: found /usr/bin/objdump
configure:5967: result: objdump
configure:5999: checking how to recognize dependent libraries
configure:6201: result: pass_all
configure:6286: checking for dlltool
configure:6316: result: no
configure:6346: checking how to associate runtime and link libraries
configure:6373: result: printf %s\n
configure:6434: checking for ar
configure:6450: found /usr/bin/ar
configure:6461: result: ar
configure:6498: checking for archiver @FILE support
configure:6515: gcc -c -DHAVE_SGX=1 -DUNW_LOCAL_ONLY -fno-builtin -fPIC -std=c99   conftest.c >&5
configure:6515: $? = 0
configure:6518: ar cru libconftest.a @conftest.lst >&5
configure:6521: $? = 0
configure:6526: ar cru libconftest.a @conftest.lst >&5
ar: conftest.o: No such file or directory
configure:6529: $? = 1
configure:6541: result: @
configure:6599: checking for strip
configure:6615: found /usr/bin/strip
configure:6626: result: strip
configure:6698: checking for ranlib
configure:6714: found /usr/bin/ranlib
configure:6725: result: ranlib
configure:6827: checking command to parse /usr/bin/nm -B output from gcc object
configure:6947: gcc -c -DHAVE_SGX=1 -DUNW_LOCAL_ONLY -fno-builtin -fPIC -std=c99   conftest.c >&5
configure:6950: $? = 0
configure:6954: /usr/bin/nm -B conftest.o \| sed -n -e 's/^.*[ ]\([ABCDGIRSTW][ABCDGIRSTW]*\)[ ][ ]*\([_A-Za-z][_A-Za-z0-9]*\)$/\1 \2 \2/p' | sed '/ __gnu_lto/d' \> conftest.nm
configure:6957: $? = 0
configure:7023: gcc -o conftest -DHAVE_SGX=1 -DUNW_LOCAL_ONLY -fno-builtin -fPIC -std=c99    conftest.c conftstm.o >&5
configure:7026: $? = 0
configure:7064: result: ok
configure:7101: checking for sysroot
configure:7131: result: no
configure:7208: gcc -c -DHAVE_SGX=1 -DUNW_LOCAL_ONLY -fno-builtin -fPIC -std=c99   conftest.c >&5
configure:7211: $? = 0
configure:7387: checking for mt
configure:7417: result: no
configure:7437: checking if : is a manifest tool
configure:7443: : '-?'
configure:7451: result: no
configure:8093: checking how to run the C preprocessor
configure:8124: gcc -E  conftest.c
configure:8124: $? = 0
configure:8138: gcc -E  conftest.c
conftest.c:11:28: fatal error: ac_nonexistent.h: No such file or directory
 #include <ac_nonexistent.h>
                            ^
compilation terminated.
configure:8138: $? = 1
configure: failed program was:
| /* confdefs.h */
| #define PACKAGE_NAME "libunwind"
| #define PACKAGE_TARNAME "libunwind"
| #define PACKAGE_VERSION "1.0"
| #define PACKAGE_STRING "libunwind 1.0"
| #define PACKAGE_BUGREPORT "libunwind-devel@nongnu.org"
| #define PACKAGE_URL ""
| #define PACKAGE "libunwind"
| #define VERSION "1.0"
| /* end confdefs.h.  */
| #include <ac_nonexistent.h>
configure:8163: result: gcc -E
configure:8183: gcc -E  conftest.c
configure:8183: $? = 0
configure:8197: gcc -E  conftest.c
conftest.c:11:28: fatal error: ac_nonexistent.h: No such file or directory
 #include <ac_nonexistent.h>
                            ^
compilation terminated.
configure:8197: $? = 1
configure: failed program was:
| /* confdefs.h */
| #define PACKAGE_NAME "libunwind"
| #define PACKAGE_TARNAME "libunwind"
| #define PACKAGE_VERSION "1.0"
| #define PACKAGE_STRING "libunwind 1.0"
| #define PACKAGE_BUGREPORT "libunwind-devel@nongnu.org"
| #define PACKAGE_URL ""
| #define PACKAGE "libunwind"
| #define VERSION "1.0"
| /* end confdefs.h.  */
| #include <ac_nonexistent.h>
configure:8226: checking for ANSI C header files
configure:8246: gcc -c -DHAVE_SGX=1 -DUNW_LOCAL_ONLY -fno-builtin -fPIC -std=c99   conftest.c >&5
configure:8246: $? = 0
configure:8319: gcc -o conftest -DHAVE_SGX=1 -DUNW_LOCAL_ONLY -fno-builtin -fPIC -std=c99    conftest.c  >&5
configure:8319: $? = 0
configure:8319: ./conftest
configure:8319: $? = 0
configure:8330: result: yes
configure:8343: checking for sys/types.h
configure:8343: gcc -c -DHAVE_SGX=1 -DUNW_LOCAL_ONLY -fno-builtin -fPIC -std=c99   conftest.c >&5
configure:8343: $? = 0
configure:8343: result: yes
configure:8343: checking for sys/stat.h
configure:8343: gcc -c -DHAVE_SGX=1 -DUNW_LOCAL_ONLY -fno-builtin -fPIC -std=c99   conftest.c >&5
configure:8343: $? = 0
configure:8343: result: yes
configure:8343: checking for stdlib.h
configure:8343: gcc -c -DHAVE_SGX=1 -DUNW_LOCAL_ONLY -fno-builtin -fPIC -std=c99   conftest.c >&5
configure:8343: $? = 0
configure:8343: result: yes
configure:8343: checking for string.h
configure:8343: gcc -c -DHAVE_SGX=1 -DUNW_LOCAL_ONLY -fno-builtin -fPIC -std=c99   conftest.c >&5
configure:8343: $? = 0
configure:8343: result: yes
configure:8343: checking for memory.h
configure:8343: gcc -c -DHAVE_SGX=1 -DUNW_LOCAL_ONLY -fno-builtin -fPIC -std=c99   conftest.c >&5
configure:8343: $? = 0
configure:8343: result: yes
configure:8343: checking for strings.h
configure:8343: gcc -c -DHAVE_SGX=1 -DUNW_LOCAL_ONLY -fno-builtin -fPIC -std=c99   conftest.c >&5
configure:8343: $? = 0
configure:8343: result: yes
configure:8343: checking for inttypes.h
configure:8343: gcc -c -DHAVE_SGX=1 -DUNW_LOCAL_ONLY -fno-builtin -fPIC -std=c99   conftest.c >&5
configure:8343: $? = 0
configure:8343: result: yes
configure:8343: checking for stdint.h
configure:8343: gcc -c -DHAVE_SGX=1 -DUNW_LOCAL_ONLY -fno-builtin -fPIC -std=c99   conftest.c >&5
configure:8343: $? = 0
configure:8343: result: yes
configure:8343: checking for unistd.h
configure:8343: gcc -c -DHAVE_SGX=1 -DUNW_LOCAL_ONLY -fno-builtin -fPIC -std=c99   conftest.c >&5
configure:8343: $? = 0
configure:8343: result: yes
configure:8357: checking for dlfcn.h
configure:8357: gcc -c -DHAVE_SGX=1 -DUNW_LOCAL_ONLY -fno-builtin -fPIC -std=c99   conftest.c >&5
configure:8357: $? = 0
configure:8357: result: yes
configure:8574: checking for objdir
configure:8589: result: .libs
configure:8856: checking if gcc supports -fno-rtti -fno-exceptions
configure:8874: gcc -c -DHAVE_SGX=1 -DUNW_LOCAL_ONLY -fno-builtin -fPIC -std=c99   -fno-rtti -fno-exceptions conftest.c >&5
cc1: warning: command line option '-fno-rtti' is valid for C++/ObjC++ but not for C [enabled by default]
configure:8878: $? = 0
configure:8891: result: no
configure:9218: checking for gcc option to produce PIC
configure:9225: result: -fPIC -DPIC
configure:9233: checking if gcc PIC flag -fPIC -DPIC works
configure:9251: gcc -c -DHAVE_SGX=1 -DUNW_LOCAL_ONLY -fno-builtin -fPIC -std=c99   -fPIC -DPIC -DPIC conftest.c >&5
configure:9255: $? = 0
configure:9268: result: yes
configure:9297: checking if gcc static flag -static works
configure:9325: result: no
configure:9340: checking if gcc supports -c -o file.o
configure:9361: gcc -c -DHAVE_SGX=1 -DUNW_LOCAL_ONLY -fno-builtin -fPIC -std=c99   -o out/conftest2.o conftest.c >&5
configure:9365: $? = 0
configure:9387: result: yes
configure:9395: checking if gcc supports -c -o file.o
configure:9442: result: yes
configure:9475: checking whether the gcc linker (/usr/bin/ld -m elf_x86_64) supports shared libraries
configure:10628: result: yes
configure:10868: checking dynamic linker characteristics
configure:11379: gcc -o conftest -DHAVE_SGX=1 -DUNW_LOCAL_ONLY -fno-builtin -fPIC -std=c99    -Wl,-rpath -Wl,/foo conftest.c  >&5
configure:11379: $? = 0
configure:11605: result: GNU/Linux ld.so
configure:11712: checking how to hardcode library paths into programs
configure:11737: result: immediate
configure:12277: checking whether stripping libraries is possible
configure:12282: result: yes
configure:12317: checking if libtool supports shared libraries
configure:12319: result: yes
configure:12322: checking whether to build shared libraries
configure:12343: result: no
configure:12346: checking whether to build static libraries
configure:12350: result: yes
configure:12373: checking how to run the C++ preprocessor
configure:12400: g++ -E  conftest.cpp
configure:12400: $? = 0
configure:12414: g++ -E  conftest.cpp
conftest.cpp:23:28: fatal error: ac_nonexistent.h: No such file or directory
 #include <ac_nonexistent.h>
                            ^
compilation terminated.
configure:12414: $? = 1
configure: failed program was:
| /* confdefs.h */
| #define PACKAGE_NAME "libunwind"
| #define PACKAGE_TARNAME "libunwind"
| #define PACKAGE_VERSION "1.0"
| #define PACKAGE_STRING "libunwind 1.0"
| #define PACKAGE_BUGREPORT "libunwind-devel@nongnu.org"
| #define PACKAGE_URL ""
| #define PACKAGE "libunwind"
| #define VERSION "1.0"
| #define STDC_HEADERS 1
| #define HAVE_SYS_TYPES_H 1
| #define HAVE_SYS_STAT_H 1
| #define HAVE_STDLIB_H 1
| #define HAVE_STRING_H 1
| #define HAVE_MEMORY_H 1
| #define HAVE_STRINGS_H 1
| #define HAVE_INTTYPES_H 1
| #define HAVE_STDINT_H 1
| #define HAVE_UNISTD_H 1
| #define HAVE_DLFCN_H 1
| #define LT_OBJDIR ".libs/"
| /* end confdefs.h.  */
| #include <ac_nonexistent.h>
configure:12439: result: g++ -E
configure:12459: g++ -E  conftest.cpp
configure:12459: $? = 0
configure:12473: g++ -E  conftest.cpp
conftest.cpp:23:28: fatal error: ac_nonexistent.h: No such file or directory
 #include <ac_nonexistent.h>
                            ^
compilation terminated.
configure:12473: $? = 1
configure: failed program was:
| /* confdefs.h */
| #define PACKAGE_NAME "libunwind"
| #define PACKAGE_TARNAME "libunwind"
| #define PACKAGE_VERSION "1.0"
| #define PACKAGE_STRING "libunwind 1.0"
| #define PACKAGE_BUGREPORT "libunwind-devel@nongnu.org"
| #define PACKAGE_URL ""
| #define PACKAGE "libunwind"
| #define VERSION "1.0"
| #define STDC_HEADERS 1
| #define HAVE_SYS_TYPES_H 1
| #define HAVE_SYS_STAT_H 1
| #define HAVE_STDLIB_H 1
| #define HAVE_STRING_H 1
| #define HAVE_MEMORY_H 1
| #define HAVE_STRINGS_H 1
| #define HAVE_INTTYPES_H 1
| #define HAVE_STDINT_H 1
| #define HAVE_UNISTD_H 1
| #define HAVE_DLFCN_H 1
| #define LT_OBJDIR ".libs/"
| /* end confdefs.h.  */
| #include <ac_nonexistent.h>
configure:12642: checking for ld used by g++
configure:12709: result: /usr/bin/ld -m elf_x86_64
configure:12716: checking if the linker (/usr/bin/ld -m elf_x86_64) is GNU ld
configure:12731: result: yes
configure:12786: checking whether the g++ linker (/usr/bin/ld -m elf_x86_64) supports shared libraries
configure:13791: result: yes
configure:13827: g++ -c -g -O2  conftest.cpp >&5
configure:13830: $? = 0
configure:14350: checking for g++ option to produce PIC
configure:14357: result: -fPIC -DPIC
configure:14365: checking if g++ PIC flag -fPIC -DPIC works
configure:14383: g++ -c -g -O2  -fPIC -DPIC -DPIC conftest.cpp >&5
configure:14387: $? = 0
configure:14400: result: yes
configure:14423: checking if g++ static flag -static works
configure:14451: result: no
configure:14463: checking if g++ supports -c -o file.o
configure:14484: g++ -c -g -O2  -o out/conftest2.o conftest.cpp >&5
configure:14488: $? = 0
configure:14510: result: yes
configure:14515: checking if g++ supports -c -o file.o
configure:14562: result: yes
configure:14592: checking whether the g++ linker (/usr/bin/ld -m elf_x86_64) supports shared libraries
configure:14628: result: yes
configure:14769: checking dynamic linker characteristics
configure:15440: result: GNU/Linux ld.so
configure:15493: checking how to hardcode library paths into programs
configure:15518: result: immediate
configure:15588: checking dependency style of gcc
configure:15697: result: gcc3
configure:15713: checking whether gcc and cc understand -c and -o together
configure:15744: gcc -c conftest.c -o conftest2.o >&5
configure:15748: $? = 0
configure:15754: gcc -c conftest.c -o conftest2.o >&5
configure:15758: $? = 0
configure:15769: cc -c conftest.c >&5
configure:15773: $? = 0
configure:15781: cc -c conftest.c -o conftest2.o >&5
configure:15785: $? = 0
configure:15791: cc -c conftest.c -o conftest2.o >&5
configure:15795: $? = 0
configure:15813: result: yes
configure:15839: checking for __uc_get_grs in -luca
configure:15864: gcc -o conftest -DHAVE_SGX=1 -DUNW_LOCAL_ONLY -fno-builtin -fPIC -std=c99    conftest.c -luca   >&5
/usr/bin/ld: cannot find -luca
collect2: error: ld returned 1 exit status
configure:15864: $? = 1
configure: failed program was:
| /* confdefs.h */
| #define PACKAGE_NAME "libunwind"
| #define PACKAGE_TARNAME "libunwind"
| #define PACKAGE_VERSION "1.0"
| #define PACKAGE_STRING "libunwind 1.0"
| #define PACKAGE_BUGREPORT "libunwind-devel@nongnu.org"
| #define PACKAGE_URL ""
| #define PACKAGE "libunwind"
| #define VERSION "1.0"
| #define STDC_HEADERS 1
| #define HAVE_SYS_TYPES_H 1
| #define HAVE_SYS_STAT_H 1
| #define HAVE_STDLIB_H 1
| #define HAVE_STRING_H 1
| #define HAVE_MEMORY_H 1
| #define HAVE_STRINGS_H 1
| #define HAVE_INTTYPES_H 1
| #define HAVE_STDINT_H 1
| #define HAVE_UNISTD_H 1
| #define HAVE_DLFCN_H 1
| #define LT_OBJDIR ".libs/"
| /* end confdefs.h.  */
| 
| /* Override any GCC internal prototype to avoid an error.
|    Use char because int might match the return type of a GCC
|    builtin and then its argument prototype would still apply.  */
| #ifdef __cplusplus
| extern "C"
| #endif
| char __uc_get_grs ();
| int
| main ()
| {
| return __uc_get_grs ();
|   ;
|   return 0;
| }
configure:15873: result: no
configure:15885: checking for library containing dlopen
configure:15916: gcc -o conftest -DHAVE_SGX=1 -DUNW_LOCAL_ONLY -fno-builtin -fPIC -std=c99    conftest.c  >&5
/tmp/ccY1FuJU.o: In function `main':
conftest.c:(.text+0xa): undefined reference to `dlopen'
collect2: error: ld returned 1 exit status
configure:15916: $? = 1
configure: failed program was:
| /* confdefs.h */
| #define PACKAGE_NAME "libunwind"
| #define PACKAGE_TARNAME "libunwind"
| #define PACKAGE_VERSION "1.0"
| #define PACKAGE_STRING "libunwind 1.0"
| #define PACKAGE_BUGREPORT "libunwind-devel@nongnu.org"
| #define PACKAGE_URL ""
| #define PACKAGE "libunwind"
| #define VERSION "1.0"
| #define STDC_HEADERS 1
| #define HAVE_SYS_TYPES_H 1
| #define HAVE_SYS_STAT_H 1
| #define HAVE_STDLIB_H 1
| #define HAVE_STRING_H 1
| #define HAVE_MEMORY_H 1
| #define HAVE_STRINGS_H 1
| #define HAVE_INTTYPES_H 1
| #define HAVE_STDINT_H 1
| #define HAVE_UNISTD_H 1
| #define HAVE_DLFCN_H 1
| #define LT_OBJDIR ".libs/"
| /* end confdefs.h.  */
| 
| /* Override any GCC internal prototype to avoid an error.
|    Use char because int might match the return type of a GCC
|    builtin and then its argument prototype would still apply.  */
| #ifdef __cplusplus
| extern "C"
| #endif
| char dlopen ();
| int
| main ()
| {
| return dlopen ();
|   ;
|   return 0;
| }
configure:15916: gcc -o conftest -DHAVE_SGX=1 -DUNW_LOCAL_ONLY -fno-builtin -fPIC -std=c99    conftest.c -ldl   >&5
configure:15916: $? = 0
configure:15933: result: -ldl
configure:15949: checking atomic_ops.h usability
configure:15949: gcc -c -DHAVE_SGX=1 -DUNW_LOCAL_ONLY -fno-builtin -fPIC -std=c99   conftest.c >&5
conftest.c:56:24: fatal error: atomic_ops.h: No such file or directory
 #include <atomic_ops.h>
                        ^
compilation terminated.
configure:15949: $? = 1
configure: failed program was:
| /* confdefs.h */
| #define PACKAGE_NAME "libunwind"
| #define PACKAGE_TARNAME "libunwind"
| #define PACKAGE_VERSION "1.0"
| #define PACKAGE_STRING "libunwind 1.0"
| #define PACKAGE_BUGREPORT "libunwind-devel@nongnu.org"
| #define PACKAGE_URL ""
| #define PACKAGE "libunwind"
| #define VERSION "1.0"
| #define STDC_HEADERS 1
| #define HAVE_SYS_TYPES_H 1
| #define HAVE_SYS_STAT_H 1
| #define HAVE_STDLIB_H 1
| #define HAVE_STRING_H 1
| #define HAVE_MEMORY_H 1
| #define HAVE_STRINGS_H 1
| #define HAVE_INTTYPES_H 1
| #define HAVE_STDINT_H 1
| #define HAVE_UNISTD_H 1
| #define HAVE_DLFCN_H 1
| #define LT_OBJDIR ".libs/"
| /* end confdefs.h.  */
| #include <stdio.h>
| #ifdef HAVE_SYS_TYPES_H
| # include <sys/types.h>
| #endif
| #ifdef HAVE_SYS_STAT_H
| # include <sys/stat.h>
| #endif
| #ifdef STDC_HEADERS
| # include <stdlib.h>
| # include <stddef.h>
| #else
| # ifdef HAVE_STDLIB_H
| #  include <stdlib.h>
| # endif
| #endif
| #ifdef HAVE_STRING_H
| # if !defined STDC_HEADERS && defined HAVE_MEMORY_H
| #  include <memory.h>
| # endif
| # include <string.h>
| #endif
| #ifdef HAVE_STRINGS_H
| # include <strings.h>
| #endif
| #ifdef HAVE_INTTYPES_H
| # include <inttypes.h>
| #endif
| #ifdef HAVE_STDINT_H
| # include <stdint.h>
| #endif
| #ifdef HAVE_UNISTD_H
| # include <unistd.h>
| #endif
| #include <atomic_ops.h>
configure:15949: result: no
configure:15949: checking atomic_ops.h presence
configure:15949: gcc -E  conftest.c
conftest.c:23:24: fatal error: atomic_ops.h: No such file or directory
 #include <atomic_ops.h>
                        ^
compilation terminated.
configure:15949: $? = 1
configure: failed program was:
| /* confdefs.h */
| #define PACKAGE_NAME "libunwind"
| #define PACKAGE_TARNAME "libunwind"
| #define PACKAGE_VERSION "1.0"
| #define PACKAGE_STRING "libunwind 1.0"
| #define PACKAGE_BUGREPORT "libunwind-devel@nongnu.org"
| #define PACKAGE_URL ""
| #define PACKAGE "libunwind"
| #define VERSION "1.0"
| #define STDC_HEADERS 1
| #define HAVE_SYS_TYPES_H 1
| #define HAVE_SYS_STAT_H 1
| #define HAVE_STDLIB_H 1
| #define HAVE_STRING_H 1
| #define HAVE_MEMORY_H 1
| #define HAVE_STRINGS_H 1
| #define HAVE_INTTYPES_H 1
| #define HAVE_STDINT_H 1
| #define HAVE_UNISTD_H 1
| #define HAVE_DLFCN_H 1
| #define LT_OBJDIR ".libs/"
| /* end confdefs.h.  */
| #include <atomic_ops.h>
configure:15949: result: no
configure:15949: checking for atomic_ops.h
configure:15949: result: no
configure:15968: checking for ANSI C header files
configure:16072: result: yes
configure:16085: checking asm/ptrace_offsets.h usability
configure:16085: gcc -c -DHAVE_SGX=1 -DUNW_LOCAL_ONLY -fno-builtin -fPIC -std=c99   conftest.c >&5
conftest.c:57:32: fatal error: asm/ptrace_offsets.h: No such file or directory
 #include <asm/ptrace_offsets.h>
                                ^
compilation terminated.
configure:16085: $? = 1
configure: failed program was:
| /* confdefs.h */
| #define PACKAGE_NAME "libunwind"
| #define PACKAGE_TARNAME "libunwind"
| #define PACKAGE_VERSION "1.0"
| #define PACKAGE_STRING "libunwind 1.0"
| #define PACKAGE_BUGREPORT "libunwind-devel@nongnu.org"
| #define PACKAGE_URL ""
| #define PACKAGE "libunwind"
| #define VERSION "1.0"
| #define STDC_HEADERS 1
| #define HAVE_SYS_TYPES_H 1
| #define HAVE_SYS_STAT_H 1
| #define HAVE_STDLIB_H 1
| #define HAVE_STRING_H 1
| #define HAVE_MEMORY_H 1
| #define HAVE_STRINGS_H 1
| #define HAVE_INTTYPES_H 1
| #define HAVE_STDINT_H 1
| #define HAVE_UNISTD_H 1
| #define HAVE_DLFCN_H 1
| #define LT_OBJDIR ".libs/"
| #define STDC_HEADERS 1
| /* end confdefs.h.  */
| #include <stdio.h>
| #ifdef HAVE_SYS_TYPES_H
| # include <sys/types.h>
| #endif
| #ifdef HAVE_SYS_STAT_H
| # include <sys/stat.h>
| #endif
| #ifdef STDC_HEADERS
| # include <stdlib.h>
| # include <stddef.h>
| #else
| # ifdef HAVE_STDLIB_H
| #  include <stdlib.h>
| # endif
| #endif
| #ifdef HAVE_STRING_H
| # if !defined STDC_HEADERS && defined HAVE_MEMORY_H
| #  include <memory.h>
| # endif
| # include <string.h>
| #endif
| #ifdef HAVE_STRINGS_H
| # include <strings.h>
| #endif
| #ifdef HAVE_INTTYPES_H
| # include <inttypes.h>
| #endif
| #ifdef HAVE_STDINT_H
| # include <stdint.h>
| #endif
| #ifdef HAVE_UNISTD_H
| # include <unistd.h>
| #endif
| #include <asm/ptrace_offsets.h>
configure:16085: result: no
configure:16085: checking asm/ptrace_offsets.h presence
configure:16085: gcc -E  conftest.c
conftest.c:24:32: fatal error: asm/ptrace_offsets.h: No such file or directory
 #include <asm/ptrace_offsets.h>
                                ^
compilation terminated.
configure:16085: $? = 1
configure: failed program was:
| /* confdefs.h */
| #define PACKAGE_NAME "libunwind"
| #define PACKAGE_TARNAME "libunwind"
| #define PACKAGE_VERSION "1.0"
| #define PACKAGE_STRING "libunwind 1.0"
| #define PACKAGE_BUGREPORT "libunwind-devel@nongnu.org"
| #define PACKAGE_URL ""
| #define PACKAGE "libunwind"
| #define VERSION "1.0"
| #define STDC_HEADERS 1
| #define HAVE_SYS_TYPES_H 1
| #define HAVE_SYS_STAT_H 1
| #define HAVE_STDLIB_H 1
| #define HAVE_STRING_H 1
| #define HAVE_MEMORY_H 1
| #define HAVE_STRINGS_H 1
| #define HAVE_INTTYPES_H 1
| #define HAVE_STDINT_H 1
| #define HAVE_UNISTD_H 1
| #define HAVE_DLFCN_H 1
| #define LT_OBJDIR ".libs/"
| #define STDC_HEADERS 1
| /* end confdefs.h.  */
| #include <asm/ptrace_offsets.h>
configure:16085: result: no
configure:16085: checking for asm/ptrace_offsets.h
configure:16085: result: no
configure:16085: checking endian.h usability
configure:16085: gcc -c -DHAVE_SGX=1 -DUNW_LOCAL_ONLY -fno-builtin -fPIC -std=c99   conftest.c >&5
configure:16085: $? = 0
configure:16085: result: yes
configure:16085: checking endian.h presence
configure:16085: gcc -E  conftest.c
configure:16085: $? = 0
configure:16085: result: yes
configure:16085: checking for endian.h
configure:16085: result: yes
configure:16085: checking sys/endian.h usability
configure:16085: gcc -c -DHAVE_SGX=1 -DUNW_LOCAL_ONLY -fno-builtin -fPIC -std=c99   conftest.c >&5
conftest.c:58:24: fatal error: sys/endian.h: No such file or directory
 #include <sys/endian.h>
                        ^
compilation terminated.
configure:16085: $? = 1
configure: failed program was:
| /* confdefs.h */
| #define PACKAGE_NAME "libunwind"
| #define PACKAGE_TARNAME "libunwind"
| #define PACKAGE_VERSION "1.0"
| #define PACKAGE_STRING "libunwind 1.0"
| #define PACKAGE_BUGREPORT "libunwind-devel@nongnu.org"
| #define PACKAGE_URL ""
| #define PACKAGE "libunwind"
| #define VERSION "1.0"
| #define STDC_HEADERS 1
| #define HAVE_SYS_TYPES_H 1
| #define HAVE_SYS_STAT_H 1
| #define HAVE_STDLIB_H 1
| #define HAVE_STRING_H 1
| #define HAVE_MEMORY_H 1
| #define HAVE_STRINGS_H 1
| #define HAVE_INTTYPES_H 1
| #define HAVE_STDINT_H 1
| #define HAVE_UNISTD_H 1
| #define HAVE_DLFCN_H 1
| #define LT_OBJDIR ".libs/"
| #define STDC_HEADERS 1
| #define HAVE_ENDIAN_H 1
| /* end confdefs.h.  */
| #include <stdio.h>
| #ifdef HAVE_SYS_TYPES_H
| # include <sys/types.h>
| #endif
| #ifdef HAVE_SYS_STAT_H
| # include <sys/stat.h>
| #endif
| #ifdef STDC_HEADERS
| # include <stdlib.h>
| # include <stddef.h>
| #else
| # ifdef HAVE_STDLIB_H
| #  include <stdlib.h>
| # endif
| #endif
| #ifdef HAVE_STRING_H
| # if !defined STDC_HEADERS && defined HAVE_MEMORY_H
| #  include <memory.h>
| # endif
| # include <string.h>
| #endif
| #ifdef HAVE_STRINGS_H
| # include <strings.h>
| #endif
| #ifdef HAVE_INTTYPES_H
| # include <inttypes.h>
| #endif
| #ifdef HAVE_STDINT_H
| # include <stdint.h>
| #endif
| #ifdef HAVE_UNISTD_H
| # include <unistd.h>
| #endif
| #include <sys/endian.h>
configure:16085: result: no
configure:16085: checking sys/endian.h presence
configure:16085: gcc -E  conftest.c
conftest.c:25:24: fatal error: sys/endian.h: No such file or directory
 #include <sys/endian.h>
                        ^
compilation terminated.
configure:16085: $? = 1
configure: failed program was:
| /* confdefs.h */
| #define PACKAGE_NAME "libunwind"
| #define PACKAGE_TARNAME "libunwind"
| #define PACKAGE_VERSION "1.0"
| #define PACKAGE_STRING "libunwind 1.0"
| #define PACKAGE_BUGREPORT "libunwind-devel@nongnu.org"
| #define PACKAGE_URL ""
| #define PACKAGE "libunwind"
| #define VERSION "1.0"
| #define STDC_HEADERS 1
| #define HAVE_SYS_TYPES_H 1
| #define HAVE_SYS_STAT_H 1
| #define HAVE_STDLIB_H 1
| #define HAVE_STRING_H 1
| #define HAVE_MEMORY_H 1
| #define HAVE_STRINGS_H 1
| #define HAVE_INTTYPES_H 1
| #define HAVE_STDINT_H 1
| #define HAVE_UNISTD_H 1
| #define HAVE_DLFCN_H 1
| #define LT_OBJDIR ".libs/"
| #define STDC_HEADERS 1
| #define HAVE_ENDIAN_H 1
| /* end confdefs.h.  */
| #include <sys/endian.h>
configure:16085: result: no
configure:16085: checking for sys/endian.h
configure:16085: result: no
configure:16085: checking execinfo.h usability
configure:16085: gcc -c -DHAVE_SGX=1 -DUNW_LOCAL_ONLY -fno-builtin -fPIC -std=c99   conftest.c >&5
configure:16085: $? = 0
configure:16085: result: yes
configure:16085: checking execinfo.h presence
configure:16085: gcc -E  conftest.c
configure:16085: $? = 0
configure:16085: result: yes
configure:16085: checking for execinfo.h
configure:16085: result: yes
configure:16085: checking ia64intrin.h usability
configure:16085: gcc -c -DHAVE_SGX=1 -DUNW_LOCAL_ONLY -fno-builtin -fPIC -std=c99   conftest.c >&5
conftest.c:59:24: fatal error: ia64intrin.h: No such file or directory
 #include <ia64intrin.h>
                        ^
compilation terminated.
configure:16085: $? = 1
configure: failed program was:
| /* confdefs.h */
| #define PACKAGE_NAME "libunwind"
| #define PACKAGE_TARNAME "libunwind"
| #define PACKAGE_VERSION "1.0"
| #define PACKAGE_STRING "libunwind 1.0"
| #define PACKAGE_BUGREPORT "libunwind-devel@nongnu.org"
| #define PACKAGE_URL ""
| #define PACKAGE "libunwind"
| #define VERSION "1.0"
| #define STDC_HEADERS 1
| #define HAVE_SYS_TYPES_H 1
| #define HAVE_SYS_STAT_H 1
| #define HAVE_STDLIB_H 1
| #define HAVE_STRING_H 1
| #define HAVE_MEMORY_H 1
| #define HAVE_STRINGS_H 1
| #define HAVE_INTTYPES_H 1
| #define HAVE_STDINT_H 1
| #define HAVE_UNISTD_H 1
| #define HAVE_DLFCN_H 1
| #define LT_OBJDIR ".libs/"
| #define STDC_HEADERS 1
| #define HAVE_ENDIAN_H 1
| #define HAVE_EXECINFO_H 1
| /* end confdefs.h.  */
| #include <stdio.h>
| #ifdef HAVE_SYS_TYPES_H
| # include <sys/types.h>
| #endif
| #ifdef HAVE_SYS_STAT_H
| # include <sys/stat.h>
| #endif
| #ifdef STDC_HEADERS
| # include <stdlib.h>
| # include <stddef.h>
| #else
| # ifdef HAVE_STDLIB_H
| #  include <stdlib.h>
| # endif
| #endif
| #ifdef HAVE_STRING_H
| # if !defined STDC_HEADERS && defined HAVE_MEMORY_H
| #  include <memory.h>
| # endif
| # include <string.h>
| #endif
| #ifdef HAVE_STRINGS_H
| # include <strings.h>
| #endif
| #ifdef HAVE_INTTYPES_H
| # include <inttypes.h>
| #endif
| #ifdef HAVE_STDINT_H
| # include <stdint.h>
| #endif
| #ifdef HAVE_UNISTD_H
| # include <unistd.h>
| #endif
| #include <ia64intrin.h>
configure:16085: result: no
configure:16085: checking ia64intrin.h presence
configure:16085: gcc -E  conftest.c
conftest.c:26:24: fatal error: ia64intrin.h: No such file or directory
 #include <ia64intrin.h>
                        ^
compilation terminated.
configure:16085: $? = 1
configure: failed program was:
| /* confdefs.h */
| #define PACKAGE_NAME "libunwind"
| #define PACKAGE_TARNAME "libunwind"
| #define PACKAGE_VERSION "1.0"
| #define PACKAGE_STRING "libunwind 1.0"
| #define PACKAGE_BUGREPORT "libunwind-devel@nongnu.org"
| #define PACKAGE_URL ""
| #define PACKAGE "libunwind"
| #define VERSION "1.0"
| #define STDC_HEADERS 1
| #define HAVE_SYS_TYPES_H 1
| #define HAVE_SYS_STAT_H 1
| #define HAVE_STDLIB_H 1
| #define HAVE_STRING_H 1
| #define HAVE_MEMORY_H 1
| #define HAVE_STRINGS_H 1
| #define HAVE_INTTYPES_H 1
| #define HAVE_STDINT_H 1
| #define HAVE_UNISTD_H 1
| #define HAVE_DLFCN_H 1
| #define LT_OBJDIR ".libs/"
| #define STDC_HEADERS 1
| #define HAVE_ENDIAN_H 1
| #define HAVE_EXECINFO_H 1
| /* end confdefs.h.  */
| #include <ia64intrin.h>
configure:16085: result: no
configure:16085: checking for ia64intrin.h
configure:16085: result: no
configure:16085: checking sys/uc_access.h usability
configure:16085: gcc -c -DHAVE_SGX=1 -DUNW_LOCAL_ONLY -fno-builtin -fPIC -std=c99   conftest.c >&5
conftest.c:59:27: fatal error: sys/uc_access.h: No such file or directory
 #include <sys/uc_access.h>
                           ^
compilation terminated.
configure:16085: $? = 1
configure: failed program was:
| /* confdefs.h */
| #define PACKAGE_NAME "libunwind"
| #define PACKAGE_TARNAME "libunwind"
| #define PACKAGE_VERSION "1.0"
| #define PACKAGE_STRING "libunwind 1.0"
| #define PACKAGE_BUGREPORT "libunwind-devel@nongnu.org"
| #define PACKAGE_URL ""
| #define PACKAGE "libunwind"
| #define VERSION "1.0"
| #define STDC_HEADERS 1
| #define HAVE_SYS_TYPES_H 1
| #define HAVE_SYS_STAT_H 1
| #define HAVE_STDLIB_H 1
| #define HAVE_STRING_H 1
| #define HAVE_MEMORY_H 1
| #define HAVE_STRINGS_H 1
| #define HAVE_INTTYPES_H 1
| #define HAVE_STDINT_H 1
| #define HAVE_UNISTD_H 1
| #define HAVE_DLFCN_H 1
| #define LT_OBJDIR ".libs/"
| #define STDC_HEADERS 1
| #define HAVE_ENDIAN_H 1
| #define HAVE_EXECINFO_H 1
| /* end confdefs.h.  */
| #include <stdio.h>
| #ifdef HAVE_SYS_TYPES_H
| # include <sys/types.h>
| #endif
| #ifdef HAVE_SYS_STAT_H
| # include <sys/stat.h>
| #endif
| #ifdef STDC_HEADERS
| # include <stdlib.h>
| # include <stddef.h>
| #else
| # ifdef HAVE_STDLIB_H
| #  include <stdlib.h>
| # endif
| #endif
| #ifdef HAVE_STRING_H
| # if !defined STDC_HEADERS && defined HAVE_MEMORY_H
| #  include <memory.h>
| # endif
| # include <string.h>
| #endif
| #ifdef HAVE_STRINGS_H
| # include <strings.h>
| #endif
| #ifdef HAVE_INTTYPES_H
| # include <inttypes.h>
| #endif
| #ifdef HAVE_STDINT_H
| # include <stdint.h>
| #endif
| #ifdef HAVE_UNISTD_H
| # include <unistd.h>
| #endif
| #include <sys/uc_access.h>
configure:16085: result: no
configure:16085: checking sys/uc_access.h presence
configure:16085: gcc -E  conftest.c
conftest.c:26:27: fatal error: sys/uc_access.h: No such file or directory
 #include <sys/uc_access.h>
                           ^
compilation terminated.
configure:16085: $? = 1
configure: failed program was:
| /* confdefs.h */
| #define PACKAGE_NAME "libunwind"
| #define PACKAGE_TARNAME "libunwind"
| #define PACKAGE_VERSION "1.0"
| #define PACKAGE_STRING "libunwind 1.0"
| #define PACKAGE_BUGREPORT "libunwind-devel@nongnu.org"
| #define PACKAGE_URL ""
| #define PACKAGE "libunwind"
| #define VERSION "1.0"
| #define STDC_HEADERS 1
| #define HAVE_SYS_TYPES_H 1
| #define HAVE_SYS_STAT_H 1
| #define HAVE_STDLIB_H 1
| #define HAVE_STRING_H 1
| #define HAVE_MEMORY_H 1
| #define HAVE_STRINGS_H 1
| #define HAVE_INTTYPES_H 1
| #define HAVE_STDINT_H 1
| #define HAVE_UNISTD_H 1
| #define HAVE_DLFCN_H 1
| #define LT_OBJDIR ".libs/"
| #define STDC_HEADERS 1
| #define HAVE_ENDIAN_H 1
| #define HAVE_EXECINFO_H 1
| /* end confdefs.h.  */
| #include <sys/uc_access.h>
configure:16085: result: no
configure:16085: checking for sys/uc_access.h
configure:16085: result: no
configure:16085: checking for unistd.h
configure:16085: result: yes
configure:16085: checking signal.h usability
configure:16085: gcc -c -DHAVE_SGX=1 -DUNW_LOCAL_ONLY -fno-builtin -fPIC -std=c99   conftest.c >&5
configure:16085: $? = 0
configure:16085: result: yes
configure:16085: checking signal.h presence
configure:16085: gcc -E  conftest.c
configure:16085: $? = 0
configure:16085: result: yes
configure:16085: checking for signal.h
configure:16085: result: yes
configure:16085: checking for sys/types.h
configure:16085: result: yes
configure:16085: checking sys/procfs.h usability
configure:16085: gcc -c -DHAVE_SGX=1 -DUNW_LOCAL_ONLY -fno-builtin -fPIC -std=c99   conftest.c >&5
configure:16085: $? = 0
configure:16085: result: yes
configure:16085: checking sys/procfs.h presence
configure:16085: gcc -E  conftest.c
configure:16085: $? = 0
configure:16085: result: yes
configure:16085: checking for sys/procfs.h
configure:16085: result: yes
configure:16085: checking sys/ptrace.h usability
configure:16085: gcc -c -DHAVE_SGX=1 -DUNW_LOCAL_ONLY -fno-builtin -fPIC -std=c99   conftest.c >&5
configure:16085: $? = 0
configure:16085: result: yes
configure:16085: checking sys/ptrace.h presence
configure:16085: gcc -E  conftest.c
configure:16085: $? = 0
configure:16085: result: yes
configure:16085: checking for sys/ptrace.h
configure:16085: result: yes
configure:16085: checking byteswap.h usability
configure:16085: gcc -c -DHAVE_SGX=1 -DUNW_LOCAL_ONLY -fno-builtin -fPIC -std=c99   conftest.c >&5
configure:16085: $? = 0
configure:16085: result: yes
configure:16085: checking byteswap.h presence
configure:16085: gcc -E  conftest.c
configure:16085: $? = 0
configure:16085: result: yes
configure:16085: checking for byteswap.h
configure:16085: result: yes
configure:16096: checking for an ANSI C-conforming const
configure:16162: gcc -c -DHAVE_SGX=1 -DUNW_LOCAL_ONLY -fno-builtin -fPIC -std=c99   conftest.c >&5
configure:16162: $? = 0
configure:16169: result: yes
configure:16177: checking for inline
configure:16193: gcc -c -DHAVE_SGX=1 -DUNW_LOCAL_ONLY -fno-builtin -fPIC -std=c99   conftest.c >&5
configure:16193: $? = 0
configure:16201: result: inline
configure:16219: checking return type of signal handlers
configure:16237: gcc -c -DHAVE_SGX=1 -DUNW_LOCAL_ONLY -fno-builtin -fPIC -std=c99   conftest.c >&5
conftest.c: In function 'main':
conftest.c:38:1: error: void value not ignored as it ought to be
 return *(signal (0, 0)) (0) == 1;
 ^
configure:16237: $? = 1
configure: failed program was:
| /* confdefs.h */
| #define PACKAGE_NAME "libunwind"
| #define PACKAGE_TARNAME "libunwind"
| #define PACKAGE_VERSION "1.0"
| #define PACKAGE_STRING "libunwind 1.0"
| #define PACKAGE_BUGREPORT "libunwind-devel@nongnu.org"
| #define PACKAGE_URL ""
| #define PACKAGE "libunwind"
| #define VERSION "1.0"
| #define STDC_HEADERS 1
| #define HAVE_SYS_TYPES_H 1
| #define HAVE_SYS_STAT_H 1
| #define HAVE_STDLIB_H 1
| #define HAVE_STRING_H 1
| #define HAVE_MEMORY_H 1
| #define HAVE_STRINGS_H 1
| #define HAVE_INTTYPES_H 1
| #define HAVE_STDINT_H 1
| #define HAVE_UNISTD_H 1
| #define HAVE_DLFCN_H 1
| #define LT_OBJDIR ".libs/"
| #define STDC_HEADERS 1
| #define HAVE_ENDIAN_H 1
| #define HAVE_EXECINFO_H 1
| #define HAVE_UNISTD_H 1
| #define HAVE_SIGNAL_H 1
| #define HAVE_SYS_TYPES_H 1
| #define HAVE_SYS_PROCFS_H 1
| #define HAVE_SYS_PTRACE_H 1
| #define HAVE_BYTESWAP_H 1
| /* end confdefs.h.  */
| #include <sys/types.h>
| #include <signal.h>
| 
| int
| main ()
| {
| return *(signal (0, 0)) (0) == 1;
|   ;
|   return 0;
| }
configure:16244: result: void
configure:16252: checking for size_t
configure:16252: gcc -c -DHAVE_SGX=1 -DUNW_LOCAL_ONLY -fno-builtin -fPIC -std=c99   conftest.c >&5
configure:16252: $? = 0
configure:16252: gcc -c -DHAVE_SGX=1 -DUNW_LOCAL_ONLY -fno-builtin -fPIC -std=c99   conftest.c >&5
conftest.c: In function 'main':
conftest.c:69:21: error: expected expression before ')' token
 if (sizeof ((size_t)))
                     ^
configure:16252: $? = 1
configure: failed program was:
| /* confdefs.h */
| #define PACKAGE_NAME "libunwind"
| #define PACKAGE_TARNAME "libunwind"
| #define PACKAGE_VERSION "1.0"
| #define PACKAGE_STRING "libunwind 1.0"
| #define PACKAGE_BUGREPORT "libunwind-devel@nongnu.org"
| #define PACKAGE_URL ""
| #define PACKAGE "libunwind"
| #define VERSION "1.0"
| #define STDC_HEADERS 1
| #define HAVE_SYS_TYPES_H 1
| #define HAVE_SYS_STAT_H 1
| #define HAVE_STDLIB_H 1
| #define HAVE_STRING_H 1
| #define HAVE_MEMORY_H 1
| #define HAVE_STRINGS_H 1
| #define HAVE_INTTYPES_H 1
| #define HAVE_STDINT_H 1
| #define HAVE_UNISTD_H 1
| #define HAVE_DLFCN_H 1
| #define LT_OBJDIR ".libs/"
| #define STDC_HEADERS 1
| #define HAVE_ENDIAN_H 1
| #define HAVE_EXECINFO_H 1
| #define HAVE_UNISTD_H 1
| #define HAVE_SIGNAL_H 1
| #define HAVE_SYS_TYPES_H 1
| #define HAVE_SYS_PROCFS_H 1
| #define HAVE_SYS_PTRACE_H 1
| #define HAVE_BYTESWAP_H 1
| #define RETSIGTYPE void
| /* end confdefs.h.  */
| #include <stdio.h>
| #ifdef HAVE_SYS_TYPES_H
| # include <sys/types.h>
| #endif
| #ifdef HAVE_SYS_STAT_H
| # include <sys/stat.h>
| #endif
| #ifdef STDC_HEADERS
| # include <stdlib.h>
| # include <stddef.h>
| #else
| # ifdef HAVE_STDLIB_H
| #  include <stdlib.h>
| # endif
| #endif
| #ifdef HAVE_STRING_H
| # if !defined STDC_HEADERS && defined HAVE_MEMORY_H
| #  include <memory.h>
| # endif
| # include <string.h>
| #endif
| #ifdef HAVE_STRINGS_H
| # include <strings.h>
| #endif
| #ifdef HAVE_INTTYPES_H
| # include <inttypes.h>
| #endif
| #ifdef HAVE_STDINT_H
| # include <stdint.h>
| #endif
| #ifdef HAVE_UNISTD_H
| # include <unistd.h>
| #endif
| int
| main ()
| {
| if (sizeof ((size_t)))
| 	    return 0;
|   ;
|   return 0;
| }
configure:16252: result: yes
configure:16267: checking size of off_t
configure:16272: gcc -o conftest -DHAVE_SGX=1 -DUNW_LOCAL_ONLY -fno-builtin -fPIC -std=c99    conftest.c  >&5
configure:16272: $? = 0
configure:16272: ./conftest
configure:16272: $? = 0
configure:16286: result: 8
configure:16299: checking for struct dl_phdr_info.dlpi_subs
configure:16299: gcc -c -DHAVE_SGX=1 -DUNW_LOCAL_ONLY -fno-builtin -fPIC -std=c99   -D_GNU_SOURCE conftest.c >&5
configure:16299: $? = 0
configure:16299: result: yes
configure:16310: checking for sighandler_t
configure:16310: gcc -c -DHAVE_SGX=1 -DUNW_LOCAL_ONLY -fno-builtin -fPIC -std=c99   -D_GNU_SOURCE conftest.c >&5
configure:16310: $? = 0
configure:16310: gcc -c -DHAVE_SGX=1 -DUNW_LOCAL_ONLY -fno-builtin -fPIC -std=c99   -D_GNU_SOURCE conftest.c >&5
conftest.c: In function 'main':
conftest.c:76:27: error: expected expression before ')' token
 if (sizeof ((sighandler_t)))
                           ^
configure:16310: $? = 1
configure: failed program was:
| /* confdefs.h */
| #define PACKAGE_NAME "libunwind"
| #define PACKAGE_TARNAME "libunwind"
| #define PACKAGE_VERSION "1.0"
| #define PACKAGE_STRING "libunwind 1.0"
| #define PACKAGE_BUGREPORT "libunwind-devel@nongnu.org"
| #define PACKAGE_URL ""
| #define PACKAGE "libunwind"
| #define VERSION "1.0"
| #define STDC_HEADERS 1
| #define HAVE_SYS_TYPES_H 1
| #define HAVE_SYS_STAT_H 1
| #define HAVE_STDLIB_H 1
| #define HAVE_STRING_H 1
| #define HAVE_MEMORY_H 1
| #define HAVE_STRINGS_H 1
| #define HAVE_INTTYPES_H 1
| #define HAVE_STDINT_H 1
| #define HAVE_UNISTD_H 1
| #define HAVE_DLFCN_H 1
| #define LT_OBJDIR ".libs/"
| #define STDC_HEADERS 1
| #define HAVE_ENDIAN_H 1
| #define HAVE_EXECINFO_H 1
| #define HAVE_UNISTD_H 1
| #define HAVE_SIGNAL_H 1
| #define HAVE_SYS_TYPES_H 1
| #define HAVE_SYS_PROCFS_H 1
| #define HAVE_SYS_PTRACE_H 1
| #define HAVE_BYTESWAP_H 1
| #define RETSIGTYPE void
| #define SIZEOF_OFF_T 8
| #define HAVE_STRUCT_DL_PHDR_INFO_DLPI_SUBS 1
| /* end confdefs.h.  */
| #include <stdio.h>
| #ifdef HAVE_SYS_TYPES_H
| # include <sys/types.h>
| #endif
| #ifdef HAVE_SYS_STAT_H
| # include <sys/stat.h>
| #endif
| #ifdef STDC_HEADERS
| # include <stdlib.h>
| # include <stddef.h>
| #else
| # ifdef HAVE_STDLIB_H
| #  include <stdlib.h>
| # endif
| #endif
| #ifdef HAVE_STRING_H
| # if !defined STDC_HEADERS && defined HAVE_MEMORY_H
| #  include <memory.h>
| # endif
| # include <string.h>
| #endif
| #ifdef HAVE_STRINGS_H
| # include <strings.h>
| #endif
| #ifdef HAVE_INTTYPES_H
| # include <inttypes.h>
| #endif
| #ifdef HAVE_STDINT_H
| # include <stdint.h>
| #endif
| #ifdef HAVE_UNISTD_H
| # include <unistd.h>
| #endif
| #if HAVE_SIGNAL_H
| # include <signal.h>
| #endif
| 
| 
| int
| main ()
| {
| if (sizeof ((sighandler_t)))
| 	    return 0;
|   ;
|   return 0;
| }
configure:16310: result: yes
configure:16325: checking for struct elf_prstatus
configure:16325: gcc -c -DHAVE_SGX=1 -DUNW_LOCAL_ONLY -fno-builtin -fPIC -std=c99   -D_GNU_SOURCE conftest.c >&5
configure:16325: $? = 0
configure:16325: gcc -c -DHAVE_SGX=1 -DUNW_LOCAL_ONLY -fno-builtin -fPIC -std=c99   -D_GNU_SOURCE conftest.c >&5
conftest.c: In function 'main':
conftest.c:77:34: error: expected expression before ')' token
 if (sizeof ((struct elf_prstatus)))
                                  ^
configure:16325: $? = 1
configure: failed program was:
| /* confdefs.h */
| #define PACKAGE_NAME "libunwind"
| #define PACKAGE_TARNAME "libunwind"
| #define PACKAGE_VERSION "1.0"
| #define PACKAGE_STRING "libunwind 1.0"
| #define PACKAGE_BUGREPORT "libunwind-devel@nongnu.org"
| #define PACKAGE_URL ""
| #define PACKAGE "libunwind"
| #define VERSION "1.0"
| #define STDC_HEADERS 1
| #define HAVE_SYS_TYPES_H 1
| #define HAVE_SYS_STAT_H 1
| #define HAVE_STDLIB_H 1
| #define HAVE_STRING_H 1
| #define HAVE_MEMORY_H 1
| #define HAVE_STRINGS_H 1
| #define HAVE_INTTYPES_H 1
| #define HAVE_STDINT_H 1
| #define HAVE_UNISTD_H 1
| #define HAVE_DLFCN_H 1
| #define LT_OBJDIR ".libs/"
| #define STDC_HEADERS 1
| #define HAVE_ENDIAN_H 1
| #define HAVE_EXECINFO_H 1
| #define HAVE_UNISTD_H 1
| #define HAVE_SIGNAL_H 1
| #define HAVE_SYS_TYPES_H 1
| #define HAVE_SYS_PROCFS_H 1
| #define HAVE_SYS_PTRACE_H 1
| #define HAVE_BYTESWAP_H 1
| #define RETSIGTYPE void
| #define SIZEOF_OFF_T 8
| #define HAVE_STRUCT_DL_PHDR_INFO_DLPI_SUBS 1
| #define HAVE_SIGHANDLER_T 1
| /* end confdefs.h.  */
| #include <stdio.h>
| #ifdef HAVE_SYS_TYPES_H
| # include <sys/types.h>
| #endif
| #ifdef HAVE_SYS_STAT_H
| # include <sys/stat.h>
| #endif
| #ifdef STDC_HEADERS
| # include <stdlib.h>
| # include <stddef.h>
| #else
| # ifdef HAVE_STDLIB_H
| #  include <stdlib.h>
| # endif
| #endif
| #ifdef HAVE_STRING_H
| # if !defined STDC_HEADERS && defined HAVE_MEMORY_H
| #  include <memory.h>
| # endif
| # include <string.h>
| #endif
| #ifdef HAVE_STRINGS_H
| # include <strings.h>
| #endif
| #ifdef HAVE_INTTYPES_H
| # include <inttypes.h>
| #endif
| #ifdef HAVE_STDINT_H
| # include <stdint.h>
| #endif
| #ifdef HAVE_UNISTD_H
| # include <unistd.h>
| #endif
| #if HAVE_SYS_PROCFS_H
| # include <sys/procfs.h>
| #endif
| 
| 
| int
| main ()
| {
| if (sizeof ((struct elf_prstatus)))
| 	    return 0;
|   ;
|   return 0;
| }
configure:16325: result: yes
configure:16339: checking for struct prstatus
configure:16339: gcc -c -DHAVE_SGX=1 -DUNW_LOCAL_ONLY -fno-builtin -fPIC -std=c99   -D_GNU_SOURCE conftest.c >&5
conftest.c: In function 'main':
conftest.c:78:13: error: invalid application of 'sizeof' to incomplete type 'struct prstatus'
 if (sizeof (struct prstatus))
             ^
configure:16339: $? = 1
configure: failed program was:
| /* confdefs.h */
| #define PACKAGE_NAME "libunwind"
| #define PACKAGE_TARNAME "libunwind"
| #define PACKAGE_VERSION "1.0"
| #define PACKAGE_STRING "libunwind 1.0"
| #define PACKAGE_BUGREPORT "libunwind-devel@nongnu.org"
| #define PACKAGE_URL ""
| #define PACKAGE "libunwind"
| #define VERSION "1.0"
| #define STDC_HEADERS 1
| #define HAVE_SYS_TYPES_H 1
| #define HAVE_SYS_STAT_H 1
| #define HAVE_STDLIB_H 1
| #define HAVE_STRING_H 1
| #define HAVE_MEMORY_H 1
| #define HAVE_STRINGS_H 1
| #define HAVE_INTTYPES_H 1
| #define HAVE_STDINT_H 1
| #define HAVE_UNISTD_H 1
| #define HAVE_DLFCN_H 1
| #define LT_OBJDIR ".libs/"
| #define STDC_HEADERS 1
| #define HAVE_ENDIAN_H 1
| #define HAVE_EXECINFO_H 1
| #define HAVE_UNISTD_H 1
| #define HAVE_SIGNAL_H 1
| #define HAVE_SYS_TYPES_H 1
| #define HAVE_SYS_PROCFS_H 1
| #define HAVE_SYS_PTRACE_H 1
| #define HAVE_BYTESWAP_H 1
| #define RETSIGTYPE void
| #define SIZEOF_OFF_T 8
| #define HAVE_STRUCT_DL_PHDR_INFO_DLPI_SUBS 1
| #define HAVE_SIGHANDLER_T 1
| #define HAVE_STRUCT_ELF_PRSTATUS 1
| /* end confdefs.h.  */
| #include <stdio.h>
| #ifdef HAVE_SYS_TYPES_H
| # include <sys/types.h>
| #endif
| #ifdef HAVE_SYS_STAT_H
| # include <sys/stat.h>
| #endif
| #ifdef STDC_HEADERS
| # include <stdlib.h>
| # include <stddef.h>
| #else
| # ifdef HAVE_STDLIB_H
| #  include <stdlib.h>
| # endif
| #endif
| #ifdef HAVE_STRING_H
| # if !defined STDC_HEADERS && defined HAVE_MEMORY_H
| #  include <memory.h>
| # endif
| # include <string.h>
| #endif
| #ifdef HAVE_STRINGS_H
| # include <strings.h>
| #endif
| #ifdef HAVE_INTTYPES_H
| # include <inttypes.h>
| #endif
| #ifdef HAVE_STDINT_H
| # include <stdint.h>
| #endif
| #ifdef HAVE_UNISTD_H
| # include <unistd.h>
| #endif
| #if HAVE_SYS_PROCFS_H
| # include <sys/procfs.h>
| #endif
| 
| 
| int
| main ()
| {
| if (sizeof (struct prstatus))
| 	 return 0;
|   ;
|   return 0;
| }
configure:16339: result: no
configure:16355: checking whether PTRACE_POKEUSER is declared
configure:16355: gcc -c -DHAVE_SGX=1 -DUNW_LOCAL_ONLY -fno-builtin -fPIC -std=c99   -D_GNU_SOURCE conftest.c >&5
configure:16355: $? = 0
configure:16355: result: yes
configure:16371: checking whether PTRACE_POKEDATA is declared
configure:16371: gcc -c -DHAVE_SGX=1 -DUNW_LOCAL_ONLY -fno-builtin -fPIC -std=c99   -D_GNU_SOURCE conftest.c >&5
configure:16371: $? = 0
configure:16371: result: yes
configure:16387: checking whether PTRACE_TRACEME is declared
configure:16387: gcc -c -DHAVE_SGX=1 -DUNW_LOCAL_ONLY -fno-builtin -fPIC -std=c99   -D_GNU_SOURCE conftest.c >&5
configure:16387: $? = 0
configure:16387: result: yes
configure:16403: checking whether PTRACE_CONT is declared
configure:16403: gcc -c -DHAVE_SGX=1 -DUNW_LOCAL_ONLY -fno-builtin -fPIC -std=c99   -D_GNU_SOURCE conftest.c >&5
configure:16403: $? = 0
configure:16403: result: yes
configure:16419: checking whether PTRACE_SINGLESTEP is declared
configure:16419: gcc -c -DHAVE_SGX=1 -DUNW_LOCAL_ONLY -fno-builtin -fPIC -std=c99   -D_GNU_SOURCE conftest.c >&5
configure:16419: $? = 0
configure:16419: result: yes
configure:16435: checking whether PTRACE_SYSCALL is declared
configure:16435: gcc -c -DHAVE_SGX=1 -DUNW_LOCAL_ONLY -fno-builtin -fPIC -std=c99   -D_GNU_SOURCE conftest.c >&5
configure:16435: $? = 0
configure:16435: result: yes
configure:16451: checking whether PT_IO is declared
configure:16451: gcc -c -DHAVE_SGX=1 -DUNW_LOCAL_ONLY -fno-builtin -fPIC -std=c99   -D_GNU_SOURCE conftest.c >&5
conftest.c: In function 'main':
conftest.c:89:10: error: 'PT_IO' undeclared (first use in this function)
   (void) PT_IO;
          ^
conftest.c:89:10: note: each undeclared identifier is reported only once for each function it appears in
configure:16451: $? = 1
configure: failed program was:
| /* confdefs.h */
| #define PACKAGE_NAME "libunwind"
| #define PACKAGE_TARNAME "libunwind"
| #define PACKAGE_VERSION "1.0"
| #define PACKAGE_STRING "libunwind 1.0"
| #define PACKAGE_BUGREPORT "libunwind-devel@nongnu.org"
| #define PACKAGE_URL ""
| #define PACKAGE "libunwind"
| #define VERSION "1.0"
| #define STDC_HEADERS 1
| #define HAVE_SYS_TYPES_H 1
| #define HAVE_SYS_STAT_H 1
| #define HAVE_STDLIB_H 1
| #define HAVE_STRING_H 1
| #define HAVE_MEMORY_H 1
| #define HAVE_STRINGS_H 1
| #define HAVE_INTTYPES_H 1
| #define HAVE_STDINT_H 1
| #define HAVE_UNISTD_H 1
| #define HAVE_DLFCN_H 1
| #define LT_OBJDIR ".libs/"
| #define STDC_HEADERS 1
| #define HAVE_ENDIAN_H 1
| #define HAVE_EXECINFO_H 1
| #define HAVE_UNISTD_H 1
| #define HAVE_SIGNAL_H 1
| #define HAVE_SYS_TYPES_H 1
| #define HAVE_SYS_PROCFS_H 1
| #define HAVE_SYS_PTRACE_H 1
| #define HAVE_BYTESWAP_H 1
| #define RETSIGTYPE void
| #define SIZEOF_OFF_T 8
| #define HAVE_STRUCT_DL_PHDR_INFO_DLPI_SUBS 1
| #define HAVE_SIGHANDLER_T 1
| #define HAVE_STRUCT_ELF_PRSTATUS 1
| #define HAVE_DECL_PTRACE_POKEUSER 1
| #define HAVE_DECL_PTRACE_POKEDATA 1
| #define HAVE_DECL_PTRACE_TRACEME 1
| #define HAVE_DECL_PTRACE_CONT 1
| #define HAVE_DECL_PTRACE_SINGLESTEP 1
| #define HAVE_DECL_PTRACE_SYSCALL 1
| /* end confdefs.h.  */
| #include <stdio.h>
| #ifdef HAVE_SYS_TYPES_H
| # include <sys/types.h>
| #endif
| #ifdef HAVE_SYS_STAT_H
| # include <sys/stat.h>
| #endif
| #ifdef STDC_HEADERS
| # include <stdlib.h>
| # include <stddef.h>
| #else
| # ifdef HAVE_STDLIB_H
| #  include <stdlib.h>
| # endif
| #endif
| #ifdef HAVE_STRING_H
| # if !defined STDC_HEADERS && defined HAVE_MEMORY_H
| #  include <memory.h>
| # endif
| # include <string.h>
| #endif
| #ifdef HAVE_STRINGS_H
| # include <strings.h>
| #endif
| #ifdef HAVE_INTTYPES_H
| # include <inttypes.h>
| #endif
| #ifdef HAVE_STDINT_H
| # include <stdint.h>
| #endif
| #ifdef HAVE_UNISTD_H
| # include <unistd.h>
| #endif
| #if HAVE_SYS_TYPES_H
| #include <sys/types.h>
| #endif
| #include <sys/ptrace.h>
| 
| 
| int
| main ()
| {
| #ifndef PT_IO
| #ifdef __cplusplus
|   (void) PT_IO;
| #else
|   (void) PT_IO;
| #endif
| #endif
| 
|   ;
|   return 0;
| }
configure:16451: result: no
configure:16467: checking whether PT_GETREGS is declared
configure:16467: gcc -c -DHAVE_SGX=1 -DUNW_LOCAL_ONLY -fno-builtin -fPIC -std=c99   -D_GNU_SOURCE conftest.c >&5
configure:16467: $? = 0
configure:16467: result: yes
configure:16483: checking whether PT_GETFPREGS is declared
configure:16483: gcc -c -DHAVE_SGX=1 -DUNW_LOCAL_ONLY -fno-builtin -fPIC -std=c99   -D_GNU_SOURCE conftest.c >&5
configure:16483: $? = 0
configure:16483: result: yes
configure:16499: checking whether PT_CONTINUE is declared
configure:16499: gcc -c -DHAVE_SGX=1 -DUNW_LOCAL_ONLY -fno-builtin -fPIC -std=c99   -D_GNU_SOURCE conftest.c >&5
configure:16499: $? = 0
configure:16499: result: yes
configure:16515: checking whether PT_TRACE_ME is declared
configure:16515: gcc -c -DHAVE_SGX=1 -DUNW_LOCAL_ONLY -fno-builtin -fPIC -std=c99   -D_GNU_SOURCE conftest.c >&5
configure:16515: $? = 0
configure:16515: result: yes
configure:16531: checking whether PT_STEP is declared
configure:16531: gcc -c -DHAVE_SGX=1 -DUNW_LOCAL_ONLY -fno-builtin -fPIC -std=c99   -D_GNU_SOURCE conftest.c >&5
configure:16531: $? = 0
configure:16531: result: yes
configure:16547: checking whether PT_SYSCALL is declared
configure:16547: gcc -c -DHAVE_SGX=1 -DUNW_LOCAL_ONLY -fno-builtin -fPIC -std=c99   -D_GNU_SOURCE conftest.c >&5
configure:16547: $? = 0
configure:16547: result: yes
configure:16565: checking for working memcmp
configure:16608: gcc -o conftest -DHAVE_SGX=1 -DUNW_LOCAL_ONLY -fno-builtin -fPIC -std=c99   -D_GNU_SOURCE  conftest.c  >&5
configure:16608: $? = 0
configure:16608: ./conftest
configure:16608: $? = 0
configure:16618: result: yes
configure:16627: checking return type of signal handlers
configure:16652: result: void
configure:16664: checking for dl_iterate_phdr
configure:16664: gcc -o conftest -DHAVE_SGX=1 -DUNW_LOCAL_ONLY -fno-builtin -fPIC -std=c99   -D_GNU_SOURCE  conftest.c  >&5
configure:16664: $? = 0
configure:16664: result: yes
configure:16664: checking for dl_phdr_removals_counter
configure:16664: gcc -o conftest -DHAVE_SGX=1 -DUNW_LOCAL_ONLY -fno-builtin -fPIC -std=c99   -D_GNU_SOURCE  conftest.c  >&5
/tmp/ccDKkLAS.o: In function `main':
conftest.c:(.text+0xa): undefined reference to `dl_phdr_removals_counter'
collect2: error: ld returned 1 exit status
configure:16664: $? = 1
configure: failed program was:
| /* confdefs.h */
| #define PACKAGE_NAME "libunwind"
| #define PACKAGE_TARNAME "libunwind"
| #define PACKAGE_VERSION "1.0"
| #define PACKAGE_STRING "libunwind 1.0"
| #define PACKAGE_BUGREPORT "libunwind-devel@nongnu.org"
| #define PACKAGE_URL ""
| #define PACKAGE "libunwind"
| #define VERSION "1.0"
| #define STDC_HEADERS 1
| #define HAVE_SYS_TYPES_H 1
| #define HAVE_SYS_STAT_H 1
| #define HAVE_STDLIB_H 1
| #define HAVE_STRING_H 1
| #define HAVE_MEMORY_H 1
| #define HAVE_STRINGS_H 1
| #define HAVE_INTTYPES_H 1
| #define HAVE_STDINT_H 1
| #define HAVE_UNISTD_H 1
| #define HAVE_DLFCN_H 1
| #define LT_OBJDIR ".libs/"
| #define STDC_HEADERS 1
| #define HAVE_ENDIAN_H 1
| #define HAVE_EXECINFO_H 1
| #define HAVE_UNISTD_H 1
| #define HAVE_SIGNAL_H 1
| #define HAVE_SYS_TYPES_H 1
| #define HAVE_SYS_PROCFS_H 1
| #define HAVE_SYS_PTRACE_H 1
| #define HAVE_BYTESWAP_H 1
| #define RETSIGTYPE void
| #define SIZEOF_OFF_T 8
| #define HAVE_STRUCT_DL_PHDR_INFO_DLPI_SUBS 1
| #define HAVE_SIGHANDLER_T 1
| #define HAVE_STRUCT_ELF_PRSTATUS 1
| #define HAVE_DECL_PTRACE_POKEUSER 1
| #define HAVE_DECL_PTRACE_POKEDATA 1
| #define HAVE_DECL_PTRACE_TRACEME 1
| #define HAVE_DECL_PTRACE_CONT 1
| #define HAVE_DECL_PTRACE_SINGLESTEP 1
| #define HAVE_DECL_PTRACE_SYSCALL 1
| #define HAVE_DECL_PT_IO 0
| #define HAVE_DECL_PT_GETREGS 1
| #define HAVE_DECL_PT_GETFPREGS 1
| #define HAVE_DECL_PT_CONTINUE 1
| #define HAVE_DECL_PT_TRACE_ME 1
| #define HAVE_DECL_PT_STEP 1
| #define HAVE_DECL_PT_SYSCALL 1
| #define RETSIGTYPE void
| #define HAVE_DL_ITERATE_PHDR 1
| /* end confdefs.h.  */
| /* Define dl_phdr_removals_counter to an innocuous variant, in case <limits.h> declares dl_phdr_removals_counter.
|    For example, HP-UX 11i <limits.h> declares gettimeofday.  */
| #define dl_phdr_removals_counter innocuous_dl_phdr_removals_counter
| 
| /* System header to define __stub macros and hopefully few prototypes,
|     which can conflict with char dl_phdr_removals_counter (); below.
|     Prefer <limits.h> to <assert.h> if __STDC__ is defined, since
|     <limits.h> exists even on freestanding compilers.  */
| 
| #ifdef __STDC__
| # include <limits.h>
| #else
| # include <assert.h>
| #endif
| 
| #undef dl_phdr_removals_counter
| 
| /* Override any GCC internal prototype to avoid an error.
|    Use char because int might match the return type of a GCC
|    builtin and then its argument prototype would still apply.  */
| #ifdef __cplusplus
| extern "C"
| #endif
| char dl_phdr_removals_counter ();
| /* The GNU C library defines this for functions which it implements
|     to always fail with ENOSYS.  Some functions are actually named
|     something starting with __ and the normal name is an alias.  */
| #if defined __stub_dl_phdr_removals_counter || defined __stub___dl_phdr_removals_counter
| choke me
| #endif
| 
| int
| main ()
| {
| return dl_phdr_removals_counter ();
|   ;
|   return 0;
| }
configure:16664: result: no
configure:16664: checking for dlmodinfo
configure:16664: gcc -o conftest -DHAVE_SGX=1 -DUNW_LOCAL_ONLY -fno-builtin -fPIC -std=c99   -D_GNU_SOURCE  conftest.c  >&5
/tmp/cc1PKp7W.o: In function `main':
conftest.c:(.text+0xa): undefined reference to `dlmodinfo'
collect2: error: ld returned 1 exit status
configure:16664: $? = 1
configure: failed program was:
| /* confdefs.h */
| #define PACKAGE_NAME "libunwind"
| #define PACKAGE_TARNAME "libunwind"
| #define PACKAGE_VERSION "1.0"
| #define PACKAGE_STRING "libunwind 1.0"
| #define PACKAGE_BUGREPORT "libunwind-devel@nongnu.org"
| #define PACKAGE_URL ""
| #define PACKAGE "libunwind"
| #define VERSION "1.0"
| #define STDC_HEADERS 1
| #define HAVE_SYS_TYPES_H 1
| #define HAVE_SYS_STAT_H 1
| #define HAVE_STDLIB_H 1
| #define HAVE_STRING_H 1
| #define HAVE_MEMORY_H 1
| #define HAVE_STRINGS_H 1
| #define HAVE_INTTYPES_H 1
| #define HAVE_STDINT_H 1
| #define HAVE_UNISTD_H 1
| #define HAVE_DLFCN_H 1
| #define LT_OBJDIR ".libs/"
| #define STDC_HEADERS 1
| #define HAVE_ENDIAN_H 1
| #define HAVE_EXECINFO_H 1
| #define HAVE_UNISTD_H 1
| #define HAVE_SIGNAL_H 1
| #define HAVE_SYS_TYPES_H 1
| #define HAVE_SYS_PROCFS_H 1
| #define HAVE_SYS_PTRACE_H 1
| #define HAVE_BYTESWAP_H 1
| #define RETSIGTYPE void
| #define SIZEOF_OFF_T 8
| #define HAVE_STRUCT_DL_PHDR_INFO_DLPI_SUBS 1
| #define HAVE_SIGHANDLER_T 1
| #define HAVE_STRUCT_ELF_PRSTATUS 1
| #define HAVE_DECL_PTRACE_POKEUSER 1
| #define HAVE_DECL_PTRACE_POKEDATA 1
| #define HAVE_DECL_PTRACE_TRACEME 1
| #define HAVE_DECL_PTRACE_CONT 1
| #define HAVE_DECL_PTRACE_SINGLESTEP 1
| #define HAVE_DECL_PTRACE_SYSCALL 1
| #define HAVE_DECL_PT_IO 0
| #define HAVE_DECL_PT_GETREGS 1
| #define HAVE_DECL_PT_GETFPREGS 1
| #define HAVE_DECL_PT_CONTINUE 1
| #define HAVE_DECL_PT_TRACE_ME 1
| #define HAVE_DECL_PT_STEP 1
| #define HAVE_DECL_PT_SYSCALL 1
| #define RETSIGTYPE void
| #define HAVE_DL_ITERATE_PHDR 1
| /* end confdefs.h.  */
| /* Define dlmodinfo to an innocuous variant, in case <limits.h> declares dlmodinfo.
|    For example, HP-UX 11i <limits.h> declares gettimeofday.  */
| #define dlmodinfo innocuous_dlmodinfo
| 
| /* System header to define __stub macros and hopefully few prototypes,
|     which can conflict with char dlmodinfo (); below.
|     Prefer <limits.h> to <assert.h> if __STDC__ is defined, since
|     <limits.h> exists even on freestanding compilers.  */
| 
| #ifdef __STDC__
| # include <limits.h>
| #else
| # include <assert.h>
| #endif
| 
| #undef dlmodinfo
| 
| /* Override any GCC internal prototype to avoid an error.
|    Use char because int might match the return type of a GCC
|    builtin and then its argument prototype would still apply.  */
| #ifdef __cplusplus
| extern "C"
| #endif
| char dlmodinfo ();
| /* The GNU C library defines this for functions which it implements
|     to always fail with ENOSYS.  Some functions are actually named
|     something starting with __ and the normal name is an alias.  */
| #if defined __stub_dlmodinfo || defined __stub___dlmodinfo
| choke me
| #endif
| 
| int
| main ()
| {
| return dlmodinfo ();
|   ;
|   return 0;
| }
configure:16664: result: no
configure:16664: checking for getunwind
configure:16664: gcc -o conftest -DHAVE_SGX=1 -DUNW_LOCAL_ONLY -fno-builtin -fPIC -std=c99   -D_GNU_SOURCE  conftest.c  >&5
/tmp/ccvFRJ0Y.o: In function `main':
conftest.c:(.text+0xa): undefined reference to `getunwind'
collect2: error: ld returned 1 exit status
configure:16664: $? = 1
configure: failed program was:
| /* confdefs.h */
| #define PACKAGE_NAME "libunwind"
| #define PACKAGE_TARNAME "libunwind"
| #define PACKAGE_VERSION "1.0"
| #define PACKAGE_STRING "libunwind 1.0"
| #define PACKAGE_BUGREPORT "libunwind-devel@nongnu.org"
| #define PACKAGE_URL ""
| #define PACKAGE "libunwind"
| #define VERSION "1.0"
| #define STDC_HEADERS 1
| #define HAVE_SYS_TYPES_H 1
| #define HAVE_SYS_STAT_H 1
| #define HAVE_STDLIB_H 1
| #define HAVE_STRING_H 1
| #define HAVE_MEMORY_H 1
| #define HAVE_STRINGS_H 1
| #define HAVE_INTTYPES_H 1
| #define HAVE_STDINT_H 1
| #define HAVE_UNISTD_H 1
| #define HAVE_DLFCN_H 1
| #define LT_OBJDIR ".libs/"
| #define STDC_HEADERS 1
| #define HAVE_ENDIAN_H 1
| #define HAVE_EXECINFO_H 1
| #define HAVE_UNISTD_H 1
| #define HAVE_SIGNAL_H 1
| #define HAVE_SYS_TYPES_H 1
| #define HAVE_SYS_PROCFS_H 1
| #define HAVE_SYS_PTRACE_H 1
| #define HAVE_BYTESWAP_H 1
| #define RETSIGTYPE void
| #define SIZEOF_OFF_T 8
| #define HAVE_STRUCT_DL_PHDR_INFO_DLPI_SUBS 1
| #define HAVE_SIGHANDLER_T 1
| #define HAVE_STRUCT_ELF_PRSTATUS 1
| #define HAVE_DECL_PTRACE_POKEUSER 1
| #define HAVE_DECL_PTRACE_POKEDATA 1
| #define HAVE_DECL_PTRACE_TRACEME 1
| #define HAVE_DECL_PTRACE_CONT 1
| #define HAVE_DECL_PTRACE_SINGLESTEP 1
| #define HAVE_DECL_PTRACE_SYSCALL 1
| #define HAVE_DECL_PT_IO 0
| #define HAVE_DECL_PT_GETREGS 1
| #define HAVE_DECL_PT_GETFPREGS 1
| #define HAVE_DECL_PT_CONTINUE 1
| #define HAVE_DECL_PT_TRACE_ME 1
| #define HAVE_DECL_PT_STEP 1
| #define HAVE_DECL_PT_SYSCALL 1
| #define RETSIGTYPE void
| #define HAVE_DL_ITERATE_PHDR 1
| /* end confdefs.h.  */
| /* Define getunwind to an innocuous variant, in case <limits.h> declares getunwind.
|    For example, HP-UX 11i <limits.h> declares gettimeofday.  */
| #define getunwind innocuous_getunwind
| 
| /* System header to define __stub macros and hopefully few prototypes,
|     which can conflict with char getunwind (); below.
|     Prefer <limits.h> to <assert.h> if __STDC__ is defined, since
|     <limits.h> exists even on freestanding compilers.  */
| 
| #ifdef __STDC__
| # include <limits.h>
| #else
| # include <assert.h>
| #endif
| 
| #undef getunwind
| 
| /* Override any GCC internal prototype to avoid an error.
|    Use char because int might match the return type of a GCC
|    builtin and then its argument prototype would still apply.  */
| #ifdef __cplusplus
| extern "C"
| #endif
| char getunwind ();
| /* The GNU C library defines this for functions which it implements
|     to always fail with ENOSYS.  Some functions are actually named
|     something starting with __ and the normal name is an alias.  */
| #if defined __stub_getunwind || defined __stub___getunwind
| choke me
| #endif
| 
| int
| main ()
| {
| return getunwind ();
|   ;
|   return 0;
| }
configure:16664: result: no
configure:16664: checking for ttrace
configure:16664: gcc -o conftest -DHAVE_SGX=1 -DUNW_LOCAL_ONLY -fno-builtin -fPIC -std=c99   -D_GNU_SOURCE  conftest.c  >&5
/tmp/ccF9gZzY.o: In function `main':
conftest.c:(.text+0xa): undefined reference to `ttrace'
collect2: error: ld returned 1 exit status
configure:16664: $? = 1
configure: failed program was:
| /* confdefs.h */
| #define PACKAGE_NAME "libunwind"
| #define PACKAGE_TARNAME "libunwind"
| #define PACKAGE_VERSION "1.0"
| #define PACKAGE_STRING "libunwind 1.0"
| #define PACKAGE_BUGREPORT "libunwind-devel@nongnu.org"
| #define PACKAGE_URL ""
| #define PACKAGE "libunwind"
| #define VERSION "1.0"
| #define STDC_HEADERS 1
| #define HAVE_SYS_TYPES_H 1
| #define HAVE_SYS_STAT_H 1
| #define HAVE_STDLIB_H 1
| #define HAVE_STRING_H 1
| #define HAVE_MEMORY_H 1
| #define HAVE_STRINGS_H 1
| #define HAVE_INTTYPES_H 1
| #define HAVE_STDINT_H 1
| #define HAVE_UNISTD_H 1
| #define HAVE_DLFCN_H 1
| #define LT_OBJDIR ".libs/"
| #define STDC_HEADERS 1
| #define HAVE_ENDIAN_H 1
| #define HAVE_EXECINFO_H 1
| #define HAVE_UNISTD_H 1
| #define HAVE_SIGNAL_H 1
| #define HAVE_SYS_TYPES_H 1
| #define HAVE_SYS_PROCFS_H 1
| #define HAVE_SYS_PTRACE_H 1
| #define HAVE_BYTESWAP_H 1
| #define RETSIGTYPE void
| #define SIZEOF_OFF_T 8
| #define HAVE_STRUCT_DL_PHDR_INFO_DLPI_SUBS 1
| #define HAVE_SIGHANDLER_T 1
| #define HAVE_STRUCT_ELF_PRSTATUS 1
| #define HAVE_DECL_PTRACE_POKEUSER 1
| #define HAVE_DECL_PTRACE_POKEDATA 1
| #define HAVE_DECL_PTRACE_TRACEME 1
| #define HAVE_DECL_PTRACE_CONT 1
| #define HAVE_DECL_PTRACE_SINGLESTEP 1
| #define HAVE_DECL_PTRACE_SYSCALL 1
| #define HAVE_DECL_PT_IO 0
| #define HAVE_DECL_PT_GETREGS 1
| #define HAVE_DECL_PT_GETFPREGS 1
| #define HAVE_DECL_PT_CONTINUE 1
| #define HAVE_DECL_PT_TRACE_ME 1
| #define HAVE_DECL_PT_STEP 1
| #define HAVE_DECL_PT_SYSCALL 1
| #define RETSIGTYPE void
| #define HAVE_DL_ITERATE_PHDR 1
| /* end confdefs.h.  */
| /* Define ttrace to an innocuous variant, in case <limits.h> declares ttrace.
|    For example, HP-UX 11i <limits.h> declares gettimeofday.  */
| #define ttrace innocuous_ttrace
| 
| /* System header to define __stub macros and hopefully few prototypes,
|     which can conflict with char ttrace (); below.
|     Prefer <limits.h> to <assert.h> if __STDC__ is defined, since
|     <limits.h> exists even on freestanding compilers.  */
| 
| #ifdef __STDC__
| # include <limits.h>
| #else
| # include <assert.h>
| #endif
| 
| #undef ttrace
| 
| /* Override any GCC internal prototype to avoid an error.
|    Use char because int might match the return type of a GCC
|    builtin and then its argument prototype would still apply.  */
| #ifdef __cplusplus
| extern "C"
| #endif
| char ttrace ();
| /* The GNU C library defines this for functions which it implements
|     to always fail with ENOSYS.  Some functions are actually named
|     something starting with __ and the normal name is an alias.  */
| #if defined __stub_ttrace || defined __stub___ttrace
| choke me
| #endif
| 
| int
| main ()
| {
| return ttrace ();
|   ;
|   return 0;
| }
configure:16664: result: no
configure:16664: checking for mincore
configure:16664: gcc -o conftest -DHAVE_SGX=1 -DUNW_LOCAL_ONLY -fno-builtin -fPIC -std=c99   -D_GNU_SOURCE  conftest.c  >&5
configure:16664: $? = 0
configure:16664: result: yes
configure:16687: checking if building with AltiVec
configure:16702: result: no
configure:16722: checking for build architecture
configure:16724: result: x86_64
configure:16726: checking for host architecture
configure:16728: result: x86_64
configure:16730: checking for target architecture
configure:16732: result: x86_64
configure:16734: checking for target operating system
configure:16736: result: linux-gnu
configure:16836: checking for ELF helper width
configure:16841: result: 64
configure:16872: checking whether to include DWARF support
configure:16887: result: yes
configure:16897: checking whether to restrict build to remote support
configure:16905: result: no
configure:16908: checking whether to enable debug support
configure:16922: result: no
configure:16925: checking whether to enable C++ exception support
configure:16951: result: yes
configure:16954: checking whether to load .debug_frame sections
configure:16972: result: no
configure:16975: checking whether to block signals during mutex ops
configure:16989: result: no
configure:16992: checking whether to validate memory addresses before use
configure:17006: result: yes
configure:17009: checking whether to enable msabi support
configure:17023: result: no
configure:17027: checking for __thread
configure:17036: gcc -DHAVE_SGX=1 -DUNW_LOCAL_ONLY -fno-builtin -fPIC -std=c99  -c conftest.c >&5
configure:17039: $? = 0
configure:17047: result: yes
configure:17058: checking for Intel compiler
configure:17073: gcc -c -DHAVE_SGX=1 -DUNW_LOCAL_ONLY -fno-builtin -fPIC -std=c99   -D_GNU_SOURCE -DNDEBUG conftest.c >&5
conftest.c: In function 'main':
conftest.c:60:2: error: #error choke me
 #error choke me
  ^
configure:17073: $? = 1
configure: failed program was:
| /* confdefs.h */
| #define PACKAGE_NAME "libunwind"
| #define PACKAGE_TARNAME "libunwind"
| #define PACKAGE_VERSION "1.0"
| #define PACKAGE_STRING "libunwind 1.0"
| #define PACKAGE_BUGREPORT "libunwind-devel@nongnu.org"
| #define PACKAGE_URL ""
| #define PACKAGE "libunwind"
| #define VERSION "1.0"
| #define STDC_HEADERS 1
| #define HAVE_SYS_TYPES_H 1
| #define HAVE_SYS_STAT_H 1
| #define HAVE_STDLIB_H 1
| #define HAVE_STRING_H 1
| #define HAVE_MEMORY_H 1
| #define HAVE_STRINGS_H 1
| #define HAVE_INTTYPES_H 1
| #define HAVE_STDINT_H 1
| #define HAVE_UNISTD_H 1
| #define HAVE_DLFCN_H 1
| #define LT_OBJDIR ".libs/"
| #define STDC_HEADERS 1
| #define HAVE_ENDIAN_H 1
| #define HAVE_EXECINFO_H 1
| #define HAVE_UNISTD_H 1
| #define HAVE_SIGNAL_H 1
| #define HAVE_SYS_TYPES_H 1
| #define HAVE_SYS_PROCFS_H 1
| #define HAVE_SYS_PTRACE_H 1
| #define HAVE_BYTESWAP_H 1
| #define RETSIGTYPE void
| #define SIZEOF_OFF_T 8
| #define HAVE_STRUCT_DL_PHDR_INFO_DLPI_SUBS 1
| #define HAVE_SIGHANDLER_T 1
| #define HAVE_STRUCT_ELF_PRSTATUS 1
| #define HAVE_DECL_PTRACE_POKEUSER 1
| #define HAVE_DECL_PTRACE_POKEDATA 1
| #define HAVE_DECL_PTRACE_TRACEME 1
| #define HAVE_DECL_PTRACE_CONT 1
| #define HAVE_DECL_PTRACE_SINGLESTEP 1
| #define HAVE_DECL_PTRACE_SYSCALL 1
| #define HAVE_DECL_PT_IO 0
| #define HAVE_DECL_PT_GETREGS 1
| #define HAVE_DECL_PT_GETFPREGS 1
| #define HAVE_DECL_PT_CONTINUE 1
| #define HAVE_DECL_PT_TRACE_ME 1
| #define HAVE_DECL_PT_STEP 1
| #define HAVE_DECL_PT_SYSCALL 1
| #define RETSIGTYPE void
| #define HAVE_DL_ITERATE_PHDR 1
| #define HAVE_MINCORE 1
| #define CONSERVATIVE_CHECKS 1
| #define HAVE___THREAD 1
| /* end confdefs.h.  */
| 
| int
| main ()
| {
| #ifndef __INTEL_COMPILER
| #error choke me
| #endif
|   ;
|   return 0;
| }
configure:17084: result: no
configure:17130: checking for library containing backtrace
configure:17161: gcc -o conftest -DHAVE_SGX=1 -DUNW_LOCAL_ONLY -fno-builtin -fPIC -std=c99  -fexceptions -Wall -Wsign-compare  -D_GNU_SOURCE -DNDEBUG  conftest.c  >&5
configure:17161: $? = 0
configure:17178: result: none required
configure:17322: checking that generated files are newer than configure
configure:17328: result: done
configure:17439: creating ./config.status

## ---------------------- ##
## Running config.status. ##
## ---------------------- ##

This file was extended by libunwind config.status 1.0, which was
generated by GNU Autoconf 2.69.  Invocation command line was

  CONFIG_FILES    = 
  CONFIG_HEADERS  = 
  CONFIG_LINKS    = 
  CONFIG_COMMANDS = 
  $ ./config.status 

on wolk

config.status:1242: creating Makefile
config.status:1242: creating src/Makefile
config.status:1242: creating include/libunwind-common.h
config.status:1242: creating include/libunwind.h
config.status:1242: creating include/tdep/libunwind_i.h
config.status:1242: creating include/config.h
config.status:1471: executing depfiles commands
config.status:1471: executing libtool commands

## ---------------- ##
## Cache variables. ##
## ---------------- ##

ac_cv_build=x86_64-unknown-linux-gnu
ac_cv_c_compiler_gnu=yes
ac_cv_c_const=yes
ac_cv_c_inline=inline
ac_cv_cxx_compiler_gnu=yes
ac_cv_env_CCASFLAGS_set=
ac_cv_env_CCASFLAGS_value=
ac_cv_env_CCAS_set=
ac_cv_env_CCAS_value=
ac_cv_env_CCC_set=
ac_cv_env_CCC_value=
ac_cv_env_CC_set=
ac_cv_env_CC_value=
ac_cv_env_CFLAGS_set=set
ac_cv_env_CFLAGS_value='-DHAVE_SGX=1 -DUNW_LOCAL_ONLY -fno-builtin -fPIC -std=c99 '
ac_cv_env_CPPFLAGS_set=
ac_cv_env_CPPFLAGS_value=
ac_cv_env_CPP_set=
ac_cv_env_CPP_value=
ac_cv_env_CXXCPP_set=
ac_cv_env_CXXCPP_value=
ac_cv_env_CXXFLAGS_set=
ac_cv_env_CXXFLAGS_value=
ac_cv_env_CXX_set=
ac_cv_env_CXX_value=
ac_cv_env_LDFLAGS_set=
ac_cv_env_LDFLAGS_value=
ac_cv_env_LIBS_set=
ac_cv_env_LIBS_value=
ac_cv_env_build_alias_set=
ac_cv_env_build_alias_value=
ac_cv_env_host_alias_set=
ac_cv_env_host_alias_value=
ac_cv_env_target_alias_set=
ac_cv_env_target_alias_value=
ac_cv_func_dl_iterate_phdr=yes
ac_cv_func_dl_phdr_removals_counter=no
ac_cv_func_dlmodinfo=no
ac_cv_func_getunwind=no
ac_cv_func_memcmp_working=yes
ac_cv_func_mincore=yes
ac_cv_func_ttrace=no
ac_cv_have_decl_PTRACE_CONT=yes
ac_cv_have_decl_PTRACE_POKEDATA=yes
ac_cv_have_decl_PTRACE_POKEUSER=yes
ac_cv_have_decl_PTRACE_SINGLESTEP=yes
ac_cv_have_decl_PTRACE_SYSCALL=yes
ac_cv_have_decl_PTRACE_TRACEME=yes
ac_cv_have_decl_PT_CONTINUE=yes
ac_cv_have_decl_PT_GETFPREGS=yes
ac_cv_have_decl_PT_GETREGS=yes
ac_cv_have_decl_PT_IO=no
ac_cv_have_decl_PT_STEP=yes
ac_cv_have_decl_PT_SYSCALL=yes
ac_cv_have_decl_PT_TRACE_ME=yes
ac_cv_header_asm_ptrace_offsets_h=no
ac_cv_header_atomic_ops_h=no
ac_cv_header_byteswap_h=yes
ac_cv_header_dlfcn_h=yes
ac_cv_header_endian_h=yes
ac_cv_header_execinfo_h=yes
ac_cv_header_ia64intrin_h=no
ac_cv_header_inttypes_h=yes
ac_cv_header_memory_h=yes
ac_cv_header_signal_h=yes
ac_cv_header_stdc=yes
ac_cv_header_stdint_h=yes
ac_cv_header_stdlib_h=yes
ac_cv_header_string_h=yes
ac_cv_header_strings_h=yes
ac_cv_header_sys_endian_h=no
ac_cv_header_sys_procfs_h=yes
ac_cv_header_sys_ptrace_h=yes
ac_cv_header_sys_stat_h=yes
ac_cv_header_sys_types_h=yes
ac_cv_header_sys_uc_access_h=no
ac_cv_header_unistd_h=yes
ac_cv_host=x86_64-unknown-linux-gnu
ac_cv_lib_uca___uc_get_grs=no
ac_cv_member_struct_dl_phdr_info_dlpi_subs=yes
ac_cv_objext=o
ac_cv_path_EGREP='/usr/bin/grep -E'
ac_cv_path_FGREP='/usr/bin/grep -F'
ac_cv_path_GREP=/usr/bin/grep
ac_cv_path_SED=/usr/bin/sed
ac_cv_path_install='/usr/bin/install -c'
ac_cv_path_mkdir=/usr/bin/mkdir
ac_cv_prog_AWK=gawk
ac_cv_prog_CPP='gcc -E'
ac_cv_prog_CXXCPP='g++ -E'
ac_cv_prog_ac_ct_AR=ar
ac_cv_prog_ac_ct_CC=gcc
ac_cv_prog_ac_ct_CXX=g++
ac_cv_prog_ac_ct_OBJDUMP=objdump
ac_cv_prog_ac_ct_RANLIB=ranlib
ac_cv_prog_ac_ct_STRIP=strip
ac_cv_prog_cc_c89=
ac_cv_prog_cc_g=yes
ac_cv_prog_cc_gcc_c_o=yes
ac_cv_prog_cxx_g=yes
ac_cv_prog_make_make_set=yes
ac_cv_search_backtrace='none required'
ac_cv_search_dlopen=-ldl
ac_cv_sizeof_off_t=8
ac_cv_target=x86_64-unknown-linux-gnu
ac_cv_type_sighandler_t=yes
ac_cv_type_signal=void
ac_cv_type_size_t=yes
ac_cv_type_struct_elf_prstatus=yes
ac_cv_type_struct_prstatus=no
am_cv_CCAS_dependencies_compiler_type=gcc3
am_cv_CC_dependencies_compiler_type=gcc3
am_cv_CXX_dependencies_compiler_type=gcc3
am_cv_make_support_nested_variables=yes
libc_cv_gcc___thread=yes
lt_cv_ar_at_file=@
lt_cv_deplibs_check_method=pass_all
lt_cv_file_magic_cmd='$MAGIC_CMD'
lt_cv_file_magic_test_file=
lt_cv_ld_reload_flag=-r
lt_cv_nm_interface='BSD nm'
lt_cv_objdir=.libs
lt_cv_path_LD=/usr/bin/ld
lt_cv_path_LDCXX='/usr/bin/ld -m elf_x86_64'
lt_cv_path_NM='/usr/bin/nm -B'
lt_cv_path_mainfest_tool=no
lt_cv_prog_compiler_c_o=yes
lt_cv_prog_compiler_c_o_CXX=yes
lt_cv_prog_compiler_pic='-fPIC -DPIC'
lt_cv_prog_compiler_pic_CXX='-fPIC -DPIC'
lt_cv_prog_compiler_pic_works=yes
lt_cv_prog_compiler_pic_works_CXX=yes
lt_cv_prog_compiler_rtti_exceptions=no
lt_cv_prog_compiler_static_works=no
lt_cv_prog_compiler_static_works_CXX=no
lt_cv_prog_gnu_ld=yes
lt_cv_prog_gnu_ldcxx=yes
lt_cv_sharedlib_from_linklib_cmd='printf %s\n'
lt_cv_shlibpath_overrides_runpath=no
lt_cv_sys_global_symbol_pipe='sed -n -e '\''s/^.*[	 ]\([ABCDGIRSTW][ABCDGIRSTW]*\)[	 ][	 ]*\([_A-Za-z][_A-Za-z0-9]*\)$/\1 \2 \2/p'\'' | sed '\''/ __gnu_lto/d'\'''
lt_cv_sys_global_symbol_to_c_name_address='sed -n -e '\''s/^: \([^ ]*\)[ ]*$/  {\"\1\", (void *) 0},/p'\'' -e '\''s/^[ABCDGIRSTW]* \([^ ]*\) \([^ ]*\)$/  {"\2", (void *) \&\2},/p'\'''
lt_cv_sys_global_symbol_to_c_name_address_lib_prefix='sed -n -e '\''s/^: \([^ ]*\)[ ]*$/  {\"\1\", (void *) 0},/p'\'' -e '\''s/^[ABCDGIRSTW]* \([^ ]*\) \(lib[^ ]*\)$/  {"\2", (void *) \&\2},/p'\'' -e '\''s/^[ABCDGIRSTW]* \([^ ]*\) \([^ ]*\)$/  {"lib\2", (void *) \&\2},/p'\'''
lt_cv_sys_global_symbol_to_cdecl='sed -n -e '\''s/^T .* \(.*\)$/extern int \1();/p'\'' -e '\''s/^[ABCDGIRSTW]* .* \(.*\)$/extern char \1;/p'\'''
lt_cv_sys_max_cmd_len=1572864
lt_cv_to_host_file_cmd=func_convert_file_noop
lt_cv_to_tool_file_cmd=func_convert_file_noop

## ----------------- ##
## Output variables. ##
## ----------------- ##

ACLOCAL='${SHELL} /var/www/vhost/sgx/linux-sgx/sdk/cpprt/linux/libunwind/config/missing aclocal-1.13'
AMDEPBACKSLASH='\'
AMDEP_FALSE='#'
AMDEP_TRUE=''
AMTAR='$${TAR-tar}'
AM_BACKSLASH='\'
AM_DEFAULT_V='$(AM_DEFAULT_VERBOSITY)'
AM_DEFAULT_VERBOSITY='1'
AM_V='$(V)'
AR='ar'
ARCH='X86_64'
ARCH_ARM_FALSE=''
ARCH_ARM_TRUE='#'
ARCH_HPPA_FALSE=''
ARCH_HPPA_TRUE='#'
ARCH_IA64_FALSE=''
ARCH_IA64_TRUE='#'
ARCH_MIPS_FALSE=''
ARCH_MIPS_TRUE='#'
ARCH_PPC32_FALSE=''
ARCH_PPC32_TRUE='#'
ARCH_PPC64_FALSE=''
ARCH_PPC64_TRUE='#'
ARCH_X86_64_FALSE='#'
ARCH_X86_64_TRUE=''
ARCH_X86_FALSE=''
ARCH_X86_TRUE='#'
AUTOCONF='${SHELL} /var/www/vhost/sgx/linux-sgx/sdk/cpprt/linux/libunwind/config/missing autoconf'
AUTOHEADER='${SHELL} /var/www/vhost/sgx/linux-sgx/sdk/cpprt/linux/libunwind/config/missing autoheader'
AUTOMAKE='${SHELL} /var/www/vhost/sgx/linux-sgx/sdk/cpprt/linux/libunwind/config/missing automake-1.13'
AWK='gawk'
BACKTRACELIB=''
CC='gcc'
CCAS='gcc'
CCASDEPMODE='depmode=gcc3'
CCASFLAGS='-DHAVE_SGX=1 -DUNW_LOCAL_ONLY -fno-builtin -fPIC -std=c99   -D_GNU_SOURCE -DNDEBUG'
CCDEPMODE='depmode=gcc3'
CFLAGS='-DHAVE_SGX=1 -DUNW_LOCAL_ONLY -fno-builtin -fPIC -std=c99  -fexceptions -Wall -Wsign-compare'
CPP='gcc -E'
CPPFLAGS=' -D_GNU_SOURCE -DNDEBUG'
CXX='g++'
CXXCPP='g++ -E'
CXXDEPMODE='depmode=gcc3'
CXXFLAGS='-g -O2'
CYGPATH_W='echo'
DEFS='-DHAVE_CONFIG_H'
DEPDIR='.deps'
DLLIB='-ldl'
DLLTOOL='false'
DSYMUTIL=''
DUMPBIN=''
ECHO_C=''
ECHO_N='-n'
ECHO_T=''
EGREP='/usr/bin/grep -E'
EXEEXT=''
FGREP='/usr/bin/grep -F'
GREP='/usr/bin/grep'
HAVE_BACKTRACE_FALSE='#'
HAVE_BACKTRACE_TRUE=''
INSTALL_DATA='${INSTALL} -m 644'
INSTALL_PROGRAM='${INSTALL}'
INSTALL_SCRIPT='${INSTALL}'
INSTALL_STRIP_PROGRAM='$(install_sh) -c -s'
LD='/usr/bin/ld -m elf_x86_64'
LDFLAGS=''
LDFLAGS_STATIC_LIBCXA=''
LIBCRTS='-lgcc'
LIBOBJS=''
LIBS=''
LIBTOOL='$(SHELL) $(top_builddir)/libtool'
LIPO=''
LN_S='ln -s'
LTLIBOBJS=''
MAINT='#'
MAINTAINER_MODE_FALSE=''
MAINTAINER_MODE_TRUE='#'
MAKEINFO='${SHELL} /var/www/vhost/sgx/linux-sgx/sdk/cpprt/linux/libunwind/config/missing makeinfo'
MANIFEST_TOOL=':'
MKDIR_P='/usr/bin/mkdir -p'
NM='/usr/bin/nm -B'
NMEDIT=''
OBJDUMP='objdump'
OBJEXT='o'
OS_FREEBSD_FALSE=''
OS_FREEBSD_TRUE='#'
OS_HPUX_FALSE=''
OS_HPUX_TRUE='#'
OS_LINUX_FALSE='#'
OS_LINUX_TRUE=''
OTOOL64=''
OTOOL=''
PACKAGE='libunwind'
PACKAGE_BUGREPORT='libunwind-devel@nongnu.org'
PACKAGE_NAME='libunwind'
PACKAGE_STRING='libunwind 1.0'
PACKAGE_TARNAME='libunwind'
PACKAGE_URL=''
PACKAGE_VERSION='1.0'
PATH_SEPARATOR=':'
PKG_EXTRA=''
PKG_MAINTAINER='libunwind-devel@nongnu.org'
PKG_MAJOR='1'
PKG_MINOR='0'
RANLIB='ranlib'
REMOTE_ONLY_FALSE=''
REMOTE_ONLY_TRUE='#'
SED='/usr/bin/sed'
SET_MAKE=''
SHELL='/bin/sh'
STRIP='strip'
SUPPORT_CXX_EXCEPTIONS_FALSE='#'
SUPPORT_CXX_EXCEPTIONS_TRUE=''
USE_ALTIVEC_FALSE=''
USE_ALTIVEC_TRUE='#'
USE_DWARF_FALSE='#'
USE_DWARF_TRUE=''
USE_ELF32_FALSE=''
USE_ELF32_TRUE='#'
USE_ELF64_FALSE='#'
USE_ELF64_TRUE=''
USE_ELFXX_FALSE=''
USE_ELFXX_TRUE='#'
VERSION='1.0'
ac_ct_AR='ar'
ac_ct_CC='gcc'
ac_ct_CXX='g++'
ac_ct_DUMPBIN=''
am__EXEEXT_FALSE=''
am__EXEEXT_TRUE='#'
am__fastdepCCAS_FALSE='#'
am__fastdepCCAS_TRUE=''
am__fastdepCC_FALSE='#'
am__fastdepCC_TRUE=''
am__fastdepCXX_FALSE='#'
am__fastdepCXX_TRUE=''
am__include='include'
am__isrc=''
am__leading_dot='.'
am__nodep='_no'
am__quote=''
am__tar='$${TAR-tar} chof - "$$tardir"'
am__untar='$${TAR-tar} xf -'
arch='x86_64'
bindir='${exec_prefix}/bin'
build='x86_64-unknown-linux-gnu'
build_alias=''
build_arch='x86_64'
build_cpu='x86_64'
build_os='linux-gnu'
build_vendor='unknown'
datadir='${datarootdir}'
datarootdir='${prefix}/share'
docdir='${datarootdir}/doc/${PACKAGE_TARNAME}'
dvidir='${docdir}'
enable_cxx_exceptions='yes'
enable_debug_frame='no'
exec_prefix='${prefix}'
host='x86_64-unknown-linux-gnu'
host_alias=''
host_cpu='x86_64'
host_os='linux-gnu'
host_vendor='unknown'
htmldir='${docdir}'
includedir='${prefix}/include'
infodir='${datarootdir}/info'
install_sh='${SHELL} /var/www/vhost/sgx/linux-sgx/sdk/cpprt/linux/libunwind/config/install-sh'
libdir='${exec_prefix}/lib'
libexecdir='${exec_prefix}/libexec'
localedir='${datarootdir}/locale'
localstatedir='${prefix}/var'
mandir='${datarootdir}/man'
mkdir_p='$(MKDIR_P)'
oldincludedir='/usr/include'
pdfdir='${docdir}'
prefix='/usr/local'
program_transform_name='s,x,x,'
psdir='${docdir}'
sbindir='${exec_prefix}/sbin'
sharedstatedir='${prefix}/com'
sysconfdir='${prefix}/etc'
target='x86_64-unknown-linux-gnu'
target_alias=''
target_cpu='x86_64'
target_os='linux-gnu'
target_vendor='unknown'

## ----------- ##
## confdefs.h. ##
## ----------- ##

/* confdefs.h */
#define PACKAGE_NAME "libunwind"
#define PACKAGE_TARNAME "libunwind"
#define PACKAGE_VERSION "1.0"
#define PACKAGE_STRING "libunwind 1.0"
#define PACKAGE_BUGREPORT "libunwind-devel@nongnu.org"
#define PACKAGE_URL ""
#define PACKAGE "libunwind"
#define VERSION "1.0"
#define STDC_HEADERS 1
#define HAVE_SYS_TYPES_H 1
#define HAVE_SYS_STAT_H 1
#define HAVE_STDLIB_H 1
#define HAVE_STRING_H 1
#define HAVE_MEMORY_H 1
#define HAVE_STRINGS_H 1
#define HAVE_INTTYPES_H 1
#define HAVE_STDINT_H 1
#define HAVE_UNISTD_H 1
#define HAVE_DLFCN_H 1
#define LT_OBJDIR ".libs/"
#define STDC_HEADERS 1
#define HAVE_ENDIAN_H 1
#define HAVE_EXECINFO_H 1
#define HAVE_UNISTD_H 1
#define HAVE_SIGNAL_H 1
#define HAVE_SYS_TYPES_H 1
#define HAVE_SYS_PROCFS_H 1
#define HAVE_SYS_PTRACE_H 1
#define HAVE_BYTESWAP_H 1
#define RETSIGTYPE void
#define SIZEOF_OFF_T 8
#define HAVE_STRUCT_DL_PHDR_INFO_DLPI_SUBS 1
#define HAVE_SIGHANDLER_T 1
#define HAVE_STRUCT_ELF_PRSTATUS 1
#define HAVE_DECL_PTRACE_POKEUSER 1
#define HAVE_DECL_PTRACE_POKEDATA 1
#define HAVE_DECL_PTRACE_TRACEME 1
#define HAVE_DECL_PTRACE_CONT 1
#define HAVE_DECL_PTRACE_SINGLESTEP 1
#define HAVE_DECL_PTRACE_SYSCALL 1
#define HAVE_DECL_PT_IO 0
#define HAVE_DECL_PT_GETREGS 1
#define HAVE_DECL_PT_GETFPREGS 1
#define HAVE_DECL_PT_CONTINUE 1
#define HAVE_DECL_PT_TRACE_ME 1
#define HAVE_DECL_PT_STEP 1
#define HAVE_DECL_PT_SYSCALL 1
#define RETSIGTYPE void
#define HAVE_DL_ITERATE_PHDR 1
#define HAVE_MINCORE 1
#define CONSERVATIVE_CHECKS 1
#define HAVE___THREAD 1

configure: exit 0
